0 verbose cli C:\Program Files\nodejs\node.exe C:\Users\andro\AppData\Roaming\npm\node_modules\npm\bin\npm-cli.js
1 info using npm@10.7.0
2 info using node@v20.12.2
3 silly config:load:file:C:\Users\andro\AppData\Roaming\npm\node_modules\npm\npmrc
4 silly config:load:file:C:\Users\andro\AppData\Local\Temp\exhort_6XHMXT\.npmrc
5 silly config:load:file:C:\Users\andro\.npmrc
6 silly config:load:file:C:\Users\andro\AppData\Local\Temp\exhort_6XHMXT\etc\npmrc
7 verbose title npm i
8 verbose argv "i" "--package-lock-only" "--prefix" "C:\\Users\\andro\\AppData\\Local\\Temp\\exhort_6XHMXT"
9 verbose logfile logs-max:10 dir:c:\Users\andro\Documents\PROJECT-INTEGRADOR\SERVICE-USERS\npm-cache\_logs\2024-06-28T00_17_36_816Z-
10 verbose logfile c:\Users\andro\Documents\PROJECT-INTEGRADOR\SERVICE-USERS\npm-cache\_logs\2024-06-28T00_17_36_816Z-debug-0.log
11 silly logfile start cleaning logs, removing 3 files
12 silly logfile done cleaning log files
13 silly idealTree buildDeps
14 silly fetch manifest bcrypt@^5.1.1
15 http fetch GET 200 https://registry.npmjs.org/bcrypt 469ms (cache miss)
16 silly fetch manifest dotenv@^16.4.5
17 http fetch GET 200 https://registry.npmjs.org/dotenv 177ms (cache miss)
18 silly fetch manifest express@^4.19.2
19 http fetch GET 200 https://registry.npmjs.org/express 208ms (cache miss)
20 silly fetch manifest jsonwebtoken@^9.0.2
21 http fetch GET 200 https://registry.npmjs.org/jsonwebtoken 151ms (cache miss)
22 silly fetch manifest mysql2@^3.10.1
23 http fetch GET 200 https://registry.npmjs.org/mysql2 178ms (cache miss)
24 silly fetch manifest nodemon@^3.1.4
25 http fetch GET 200 https://registry.npmjs.org/nodemon 106ms (cache revalidated)
26 silly fetch manifest pg@^8.12.0
27 http fetch GET 200 https://registry.npmjs.org/pg 199ms (cache miss)
28 silly fetch manifest pg-native@>=3.0.1
29 http fetch GET 200 https://registry.npmjs.org/pg-native 114ms (cache miss)
30 silly fetch manifest pg-hstore@^2.3.4
31 http fetch GET 200 https://registry.npmjs.org/pg-hstore 351ms (cache miss)
32 silly fetch manifest sequelize@^6.37.3
33 http fetch GET 200 https://registry.npmjs.org/sequelize 1044ms (cache miss)
34 silly fetch manifest sequelize-cli@^6.6.2
35 http fetch GET 200 https://registry.npmjs.org/sequelize-cli 190ms (cache miss)
36 silly fetch manifest sequelize-typescript@^2.1.6
37 http fetch GET 200 https://registry.npmjs.org/sequelize-typescript 467ms (cache miss)
38 silly fetch manifest @types/node@^20.14.9
39 http fetch GET 200 https://registry.npmjs.org/@types%2fnode 1668ms (cache miss)
40 silly fetch manifest @types/validator@*
41 http fetch GET 200 https://registry.npmjs.org/@types%2fvalidator 345ms (cache miss)
42 silly fetch manifest reflect-metadata@*
43 http fetch GET 200 https://registry.npmjs.org/reflect-metadata 189ms (cache miss)
44 silly fetch manifest @types/bcrypt@^5.0.2
45 http fetch GET 200 https://registry.npmjs.org/@types%2fbcrypt 154ms (cache revalidated)
46 silly fetch manifest @types/body-parser@^1.19.5
47 http fetch GET 200 https://registry.npmjs.org/@types%2fbody-parser 172ms (cache revalidated)
48 silly fetch manifest @types/express@^4.17.21
49 http fetch GET 200 https://registry.npmjs.org/@types%2fexpress 215ms (cache revalidated)
50 silly fetch manifest @types/jsonwebtoken@^9.0.6
51 http fetch GET 200 https://registry.npmjs.org/@types%2fjsonwebtoken 140ms (cache revalidated)
52 silly fetch manifest ts-node@^10.9.2
53 http fetch GET 200 https://registry.npmjs.org/ts-node 256ms (cache miss)
54 silly fetch manifest @swc/core@>=1.2.50
55 http fetch GET 200 https://registry.npmjs.org/@swc%2fcore 726ms (cache miss)
56 silly fetch manifest @swc/helpers@*
57 http fetch GET 200 https://registry.npmjs.org/@swc%2fhelpers 274ms (cache miss)
58 silly fetch manifest @swc/wasm@>=1.2.50
59 http fetch GET 200 https://registry.npmjs.org/@swc%2fwasm 477ms (cache miss)
60 silly fetch manifest typescript@^5.5.2
61 http fetch GET 200 https://registry.npmjs.org/typescript 2555ms (cache miss)
62 silly placeDep ROOT @types/bcrypt@5.0.2 OK for: users-service@1.0.0 want: ^5.0.2
63 silly placeDep ROOT @types/body-parser@1.19.5 OK for: users-service@1.0.0 want: ^1.19.5
64 silly placeDep ROOT @types/express@4.17.21 OK for: users-service@1.0.0 want: ^4.17.21
65 silly placeDep ROOT @types/jsonwebtoken@9.0.6 OK for: users-service@1.0.0 want: ^9.0.6
66 silly placeDep ROOT @types/node@20.14.9 OK for: users-service@1.0.0 want: ^20.14.9
67 silly placeDep ROOT bcrypt@5.1.1 OK for: users-service@1.0.0 want: ^5.1.1
68 silly placeDep ROOT dotenv@16.4.5 OK for: users-service@1.0.0 want: ^16.4.5
69 silly placeDep ROOT express@4.19.2 OK for: users-service@1.0.0 want: ^4.19.2
70 silly placeDep ROOT jsonwebtoken@9.0.2 OK for: users-service@1.0.0 want: ^9.0.2
71 silly placeDep ROOT mysql2@3.10.1 OK for: users-service@1.0.0 want: ^3.10.1
72 silly placeDep ROOT nodemon@3.1.4 OK for: users-service@1.0.0 want: ^3.1.4
73 silly placeDep ROOT pg@8.12.0 OK for: users-service@1.0.0 want: ^8.12.0
74 silly placeDep ROOT pg-hstore@2.3.4 OK for: users-service@1.0.0 want: ^2.3.4
75 silly placeDep ROOT sequelize@6.37.3 OK for: users-service@1.0.0 want: ^6.37.3
76 silly placeDep ROOT sequelize-cli@6.6.2 OK for: users-service@1.0.0 want: ^6.6.2
77 silly placeDep ROOT sequelize-typescript@2.1.6 OK for: users-service@1.0.0 want: ^2.1.6
78 silly placeDep ROOT @types/validator@13.12.0 OK for: sequelize-typescript@2.1.6 want: *
79 silly placeDep ROOT reflect-metadata@0.2.2 OK for: sequelize-typescript@2.1.6 want: *
80 silly placeDep ROOT ts-node@10.9.2 OK for: users-service@1.0.0 want: ^10.9.2
81 silly placeDep ROOT typescript@5.5.2 OK for: ts-node@10.9.2 want: >=2.7
82 silly placeDep ROOT users-service@1.0.0 OK for: users-service@1.0.0 want: file:../../../../Documents/PROJECT-INTEGRADOR/SERVICE-USERS
83 silly fetch manifest @types/node@*
84 silly fetch manifest @types/connect@*
85 silly fetch manifest @types/qs@*
86 silly fetch manifest @types/serve-static@*
87 silly fetch manifest @types/express-serve-static-core@^4.17.33
88 silly fetch manifest undici-types@~5.26.4
89 silly fetch manifest @mapbox/node-pre-gyp@^1.0.11
90 silly fetch manifest node-addon-api@^5.0.0
91 silly fetch manifest qs@6.11.0
92 silly fetch manifest depd@2.0.0
93 silly fetch manifest etag@~1.8.1
94 silly fetch manifest send@0.18.0
95 silly fetch manifest vary@~1.1.2
96 silly fetch manifest debug@2.6.9
97 silly fetch manifest fresh@0.5.2
98 silly fetch manifest cookie@0.6.0
99 http fetch GET 200 https://registry.npmjs.org/undici-types 230ms (cache miss)
100 silly fetch manifest accepts@~1.3.8
101 http fetch GET 200 https://registry.npmjs.org/accepts 165ms (cache miss)
102 silly fetch manifest methods@~1.1.2
103 http fetch GET 200 https://registry.npmjs.org/methods 148ms (cache miss)
104 silly fetch manifest type-is@~1.6.18
105 http fetch GET 200 https://registry.npmjs.org/fresh 557ms (cache miss)
106 silly fetch manifest parseurl@~1.3.3
107 http fetch GET 200 https://registry.npmjs.org/node-addon-api 582ms (cache miss)
108 silly fetch manifest statuses@2.0.1
109 http fetch GET 200 https://registry.npmjs.org/etag 636ms (cache miss)
110 silly fetch manifest encodeurl@~1.0.2
111 http fetch GET 200 https://registry.npmjs.org/@types%2fconnect 654ms (cache revalidated)
112 silly fetch manifest proxy-addr@~2.0.7
113 http fetch GET 200 https://registry.npmjs.org/@types%2fserve-static 654ms (cache revalidated)
114 silly fetch manifest body-parser@1.20.2
115 http fetch GET 200 https://registry.npmjs.org/depd 663ms (cache miss)
116 silly fetch manifest escape-html@~1.0.3
117 http fetch GET 200 https://registry.npmjs.org/@types%2fqs 673ms (cache revalidated)
118 silly fetch manifest http-errors@2.0.0
119 http fetch GET 200 https://registry.npmjs.org/@types%2fexpress-serve-static-core 673ms (cache revalidated)
120 silly fetch manifest on-finished@2.4.1
121 http fetch GET 200 https://registry.npmjs.org/vary 674ms (cache miss)
122 silly fetch manifest safe-buffer@5.2.1
123 http fetch GET 200 https://registry.npmjs.org/debug 679ms (cache revalidated)
124 silly fetch manifest utils-merge@1.0.1
125 http fetch GET 200 https://registry.npmjs.org/parseurl 124ms (cache miss)
126 silly fetch manifest content-type@~1.0.4
127 http fetch GET 200 https://registry.npmjs.org/send 718ms (cache miss)
128 silly fetch manifest finalhandler@1.2.0
129 http fetch GET 200 https://registry.npmjs.org/cookie 769ms (cache miss)
130 silly fetch manifest range-parser@~1.2.1
131 http fetch GET 200 https://registry.npmjs.org/statuses 197ms (cache miss)
132 silly fetch manifest serve-static@1.15.0
133 http fetch GET 200 https://registry.npmjs.org/type-is 238ms (cache miss)
134 silly fetch manifest array-flatten@1.1.1
135 http fetch GET 200 https://registry.npmjs.org/on-finished 173ms (cache miss)
136 silly fetch manifest path-to-regexp@0.1.7
137 http fetch GET 200 https://registry.npmjs.org/content-type 160ms (cache miss)
138 silly fetch manifest setprototypeof@1.2.0
139 http fetch GET 200 https://registry.npmjs.org/finalhandler 130ms (cache miss)
140 silly fetch manifest cookie-signature@1.0.6
141 http fetch GET 200 https://registry.npmjs.org/escape-html 198ms (cache miss)
142 silly fetch manifest merge-descriptors@1.0.1
143 http fetch GET 200 https://registry.npmjs.org/encodeurl 230ms (cache miss)
144 silly fetch manifest content-disposition@0.5.4
145 http fetch GET 200 https://registry.npmjs.org/utils-merge 197ms (cache miss)
146 silly fetch manifest jws@^3.2.2
147 http fetch GET 200 https://registry.npmjs.org/range-parser 156ms (cache miss)
148 silly fetch manifest lodash.includes@^4.3.0
149 http fetch GET 200 https://registry.npmjs.org/@mapbox%2fnode-pre-gyp 955ms (cache miss)
150 silly fetch manifest lodash.isboolean@^3.0.3
151 http fetch GET 200 https://registry.npmjs.org/proxy-addr 307ms (cache miss)
152 silly fetch manifest lodash.isinteger@^4.0.4
153 http fetch GET 200 https://registry.npmjs.org/safe-buffer 291ms (cache miss)
154 silly fetch manifest lodash.isnumber@^3.0.3
155 http fetch GET 200 https://registry.npmjs.org/array-flatten 194ms (cache miss)
156 silly fetch manifest lodash.isplainobject@^4.0.6
157 http fetch GET 200 https://registry.npmjs.org/http-errors 319ms (cache miss)
158 silly fetch manifest lodash.isstring@^4.0.1
159 http fetch GET 200 https://registry.npmjs.org/serve-static 259ms (cache miss)
160 silly fetch manifest lodash.once@^4.0.0
161 http fetch GET 200 https://registry.npmjs.org/body-parser 406ms (cache miss)
162 silly fetch manifest ms@^2.1.1
163 http fetch GET 200 https://registry.npmjs.org/qs 1073ms (cache miss)
164 silly fetch manifest semver@^7.5.4
165 http fetch GET 200 https://registry.npmjs.org/setprototypeof 321ms (cache miss)
166 silly fetch manifest denque@^2.1.0
167 http fetch GET 200 https://registry.npmjs.org/lodash.isinteger 226ms (cache miss)
168 silly fetch manifest generate-function@^2.3.1
169 http fetch GET 200 https://registry.npmjs.org/lodash.isboolean 246ms (cache miss)
170 silly fetch manifest iconv-lite@^0.6.3
171 http fetch GET 200 https://registry.npmjs.org/merge-descriptors 342ms (cache miss)
172 silly fetch manifest long@^5.2.1
173 http fetch GET 200 https://registry.npmjs.org/lodash.isplainobject 225ms (cache miss)
174 silly fetch manifest lru-cache@^8.0.0
175 http fetch GET 200 https://registry.npmjs.org/lodash.isstring 224ms (cache miss)
176 silly fetch manifest named-placeholders@^1.1.3
177 http fetch GET 200 https://registry.npmjs.org/cookie-signature 369ms (cache miss)
178 silly fetch manifest seq-queue@^0.0.5
179 http fetch GET 200 https://registry.npmjs.org/lodash.isnumber 262ms (cache miss)
180 silly fetch manifest sqlstring@^2.3.2
181 http fetch GET 200 https://registry.npmjs.org/content-disposition 372ms (cache miss)
182 silly fetch manifest chokidar@^3.5.2
183 http fetch GET 200 https://registry.npmjs.org/lodash.includes 320ms (cache miss)
184 silly fetch manifest debug@^4
185 silly fetch manifest ignore-by-default@^1.0.1
186 http fetch GET 200 https://registry.npmjs.org/jws 371ms (cache miss)
187 silly fetch manifest minimatch@^3.1.2
188 http fetch GET 200 https://registry.npmjs.org/path-to-regexp 434ms (cache miss)
189 silly fetch manifest pstree.remy@^1.1.8
190 http fetch GET 200 https://registry.npmjs.org/lodash.once 253ms (cache miss)
191 silly fetch manifest semver@^7.5.3
192 http fetch GET 200 https://registry.npmjs.org/generate-function 128ms (cache miss)
193 silly fetch manifest simple-update-notifier@^2.0.0
194 http fetch GET 200 https://registry.npmjs.org/denque 154ms (cache miss)
195 silly fetch manifest supports-color@^5.5.0
196 http fetch GET 200 https://registry.npmjs.org/ms 272ms (cache revalidated)
197 silly fetch manifest touch@^3.1.0
198 http fetch GET 200 https://registry.npmjs.org/chokidar 175ms (cache revalidated)
199 silly fetch manifest undefsafe@^2.0.5
200 http fetch GET 200 https://registry.npmjs.org/named-placeholders 206ms (cache miss)
201 silly fetch manifest pg-connection-string@^2.6.4
202 http fetch GET 200 https://registry.npmjs.org/iconv-lite 226ms (cache miss)
203 silly fetch manifest pg-pool@^3.6.2
204 http fetch GET 200 https://registry.npmjs.org/seq-queue 208ms (cache miss)
205 silly fetch manifest pg-protocol@^1.6.1
206 http fetch GET 200 https://registry.npmjs.org/long 235ms (cache miss)
207 silly fetch manifest pg-types@^2.1.0
208 http fetch GET 200 https://registry.npmjs.org/sqlstring 218ms (cache miss)
209 silly fetch manifest pgpass@1.x
210 http fetch GET 200 https://registry.npmjs.org/pstree.remy 214ms (cache revalidated)
211 silly fetch manifest pg-cloudflare@^1.1.1
212 http fetch GET 200 https://registry.npmjs.org/simple-update-notifier 181ms (cache revalidated)
213 silly fetch manifest underscore@^1.13.1
214 http fetch GET 200 https://registry.npmjs.org/supports-color 175ms (cache revalidated)
215 silly fetch manifest @types/debug@^4.1.8
216 http fetch GET 200 https://registry.npmjs.org/touch 189ms (cache revalidated)
217 silly fetch manifest @types/validator@^13.7.17
218 silly fetch manifest debug@^4.3.4
219 silly fetch manifest dottie@^2.0.6
220 http fetch GET 200 https://registry.npmjs.org/semver 460ms (cache miss)
221 silly fetch manifest inflection@^1.13.4
222 http fetch GET 200 https://registry.npmjs.org/ignore-by-default 337ms (cache revalidated)
223 silly fetch manifest lodash@^4.17.21
224 http fetch GET 200 https://registry.npmjs.org/undefsafe 192ms (cache revalidated)
225 silly fetch manifest moment@^2.29.4
226 http fetch GET 200 https://registry.npmjs.org/pgpass 178ms (cache miss)
227 silly fetch manifest moment-timezone@^0.5.43
228 http fetch GET 200 https://registry.npmjs.org/pg-connection-string 236ms (cache miss)
229 silly fetch manifest pg-connection-string@^2.6.1
230 silly fetch manifest retry-as-promised@^7.0.4
231 http fetch GET 200 https://registry.npmjs.org/pg-protocol 257ms (cache miss)
232 silly fetch manifest sequelize-pool@^7.1.0
233 http fetch GET 200 https://registry.npmjs.org/pg-types 308ms (cache miss)
234 silly fetch manifest toposort-class@^1.0.1
235 http fetch GET 200 https://registry.npmjs.org/dottie 283ms (cache miss)
236 silly fetch manifest uuid@^8.3.2
237 http fetch GET 200 https://registry.npmjs.org/inflection 272ms (cache miss)
238 silly fetch manifest validator@^13.9.0
239 http fetch GET 200 https://registry.npmjs.org/@types%2fdebug 313ms (cache miss)
240 silly fetch manifest wkx@^0.5.0
241 http fetch GET 200 https://registry.npmjs.org/pg-pool 420ms (cache miss)
242 silly fetch manifest cli-color@^2.0.3
243 http fetch GET 200 https://registry.npmjs.org/pg-cloudflare 386ms (cache miss)
244 silly fetch manifest fs-extra@^9.1.0
245 http fetch GET 200 https://registry.npmjs.org/toposort-class 193ms (cache miss)
246 silly fetch manifest js-beautify@^1.14.5
247 http fetch GET 200 https://registry.npmjs.org/underscore 476ms (cache miss)
248 http fetch GET 200 https://registry.npmjs.org/sequelize-pool 299ms (cache miss)
249 silly fetch manifest resolve@^1.22.1
250 http fetch GET 200 https://registry.npmjs.org/wkx 187ms (cache miss)
251 silly fetch manifest umzug@^2.3.0
252 http fetch GET 200 https://registry.npmjs.org/lodash 445ms (cache miss)
253 silly fetch manifest yargs@^16.2.0
254 silly fetch manifest glob@7.2.0
255 http fetch GET 200 https://registry.npmjs.org/moment-timezone 424ms (cache miss)
256 silly fetch manifest @cspotcode/source-map-support@^0.8.0
257 http fetch GET 200 https://registry.npmjs.org/moment 442ms (cache miss)
258 silly fetch manifest @tsconfig/node10@^1.0.7
259 http fetch GET 200 https://registry.npmjs.org/cli-color 218ms (cache miss)
260 silly fetch manifest @tsconfig/node12@^1.0.7
261 http fetch GET 200 https://registry.npmjs.org/retry-as-promised 502ms (cache miss)
262 silly fetch manifest @tsconfig/node14@^1.0.0
263 http fetch GET 200 https://registry.npmjs.org/fs-extra 509ms (cache miss)
264 silly fetch manifest @tsconfig/node16@^1.0.2
265 http fetch GET 200 https://registry.npmjs.org/uuid 605ms (cache miss)
266 silly fetch manifest acorn@^8.4.1
267 http fetch GET 200 https://registry.npmjs.org/@tsconfig%2fnode10 372ms (cache miss)
268 silly fetch manifest acorn-walk@^8.1.1
269 http fetch GET 200 https://registry.npmjs.org/@cspotcode%2fsource-map-support 415ms (cache miss)
270 silly fetch manifest arg@^4.1.0
271 http fetch GET 200 https://registry.npmjs.org/@tsconfig%2fnode14 312ms (cache miss)
272 silly fetch manifest create-require@^1.1.0
273 http fetch GET 200 https://registry.npmjs.org/@tsconfig%2fnode12 412ms (cache miss)
274 silly fetch manifest diff@^4.0.1
275 http fetch GET 200 https://registry.npmjs.org/@tsconfig%2fnode16 182ms (cache miss)
276 silly fetch manifest make-error@^1.1.1
277 http fetch GET 200 https://registry.npmjs.org/create-require 188ms (cache miss)
278 silly fetch manifest v8-compile-cache-lib@^3.0.1
279 http fetch GET 200 https://registry.npmjs.org/acorn-walk 275ms (cache miss)
280 silly fetch manifest yn@3.1.1
281 http fetch GET 200 https://registry.npmjs.org/arg 277ms (cache miss)
282 http fetch GET 200 https://registry.npmjs.org/make-error 183ms (cache miss)
283 http fetch GET 200 https://registry.npmjs.org/diff 304ms (cache miss)
284 http fetch GET 200 https://registry.npmjs.org/v8-compile-cache-lib 187ms (cache miss)
285 http fetch GET 200 https://registry.npmjs.org/yn 186ms (cache miss)
286 http fetch GET 200 https://registry.npmjs.org/semver 1756ms (cache miss)
287 http fetch GET 200 https://registry.npmjs.org/umzug 1084ms (cache miss)
288 http fetch GET 200 https://registry.npmjs.org/yargs 1062ms (cache miss)
289 http fetch GET 200 https://registry.npmjs.org/resolve 1691ms (cache miss)
290 http fetch GET 200 https://registry.npmjs.org/validator 1952ms (cache miss)
291 http fetch GET 200 https://registry.npmjs.org/lru-cache 2691ms (cache miss)
292 http fetch GET 200 https://registry.npmjs.org/minimatch 2937ms (cache miss)
293 http fetch GET 200 https://registry.npmjs.org/acorn 1871ms (cache miss)
294 http fetch GET 200 https://registry.npmjs.org/js-beautify 2473ms (cache miss)
295 http fetch GET 200 https://registry.npmjs.org/glob 2808ms (cache miss)
296 silly placeDep ROOT @types/connect@3.4.38 OK for: @types/body-parser@1.19.5 want: *
297 silly placeDep ROOT @types/express-serve-static-core@4.19.5 OK for: @types/express@4.17.21 want: ^4.17.33
298 silly placeDep ROOT @types/qs@6.9.15 OK for: @types/express@4.17.21 want: *
299 silly placeDep ROOT @types/serve-static@1.15.7 OK for: @types/express@4.17.21 want: *
300 silly fetch manifest @types/send@*
301 silly fetch manifest @types/range-parser@*
302 silly fetch manifest @types/http-errors@*
303 http fetch GET 200 https://registry.npmjs.org/@types%2fsend 141ms (cache revalidated)
304 http fetch GET 200 https://registry.npmjs.org/@types%2frange-parser 141ms (cache revalidated)
305 http fetch GET 200 https://registry.npmjs.org/@types%2fhttp-errors 232ms (cache revalidated)
306 silly placeDep ROOT @types/range-parser@1.2.7 OK for: @types/express-serve-static-core@4.19.5 want: *
307 silly placeDep ROOT @types/send@0.17.4 OK for: @types/express-serve-static-core@4.19.5 want: *
308 silly fetch manifest @types/mime@^1
309 http fetch GET 200 https://registry.npmjs.org/@types%2fmime 117ms (cache revalidated)
310 silly placeDep ROOT undici-types@5.26.5 OK for: @types/node@20.14.9 want: ~5.26.4
311 silly placeDep ROOT @types/mime@1.3.5 OK for: @types/send@0.17.4 want: ^1
312 silly placeDep ROOT @types/http-errors@2.0.4 OK for: @types/serve-static@1.15.7 want: *
313 silly placeDep ROOT @mapbox/node-pre-gyp@1.0.11 OK for: bcrypt@5.1.1 want: ^1.0.11
314 silly placeDep ROOT node-addon-api@5.1.0 OK for: bcrypt@5.1.1 want: ^5.0.0
315 silly fetch manifest detect-libc@^2.0.0
316 silly fetch manifest https-proxy-agent@^5.0.0
317 silly fetch manifest make-dir@^3.1.0
318 silly fetch manifest node-fetch@^2.6.7
319 silly fetch manifest nopt@^5.0.0
320 silly fetch manifest npmlog@^5.0.1
321 silly fetch manifest rimraf@^3.0.2
322 silly fetch manifest semver@^7.3.5
323 silly fetch manifest tar@^6.1.11
324 http fetch GET 200 https://registry.npmjs.org/make-dir 187ms (cache miss)
325 http fetch GET 200 https://registry.npmjs.org/detect-libc 261ms (cache miss)
326 http fetch GET 200 https://registry.npmjs.org/nopt 284ms (cache miss)
327 http fetch GET 200 https://registry.npmjs.org/https-proxy-agent 286ms (cache miss)
328 http fetch GET 200 https://registry.npmjs.org/npmlog 297ms (cache miss)
329 http fetch GET 200 https://registry.npmjs.org/rimraf 367ms (cache miss)
330 http fetch GET 200 https://registry.npmjs.org/tar 635ms (cache miss)
331 http fetch GET 200 https://registry.npmjs.org/node-fetch 2253ms (cache miss)
332 silly fetch manifest encoding@^0.1.0
333 http fetch GET 200 https://registry.npmjs.org/encoding 120ms (cache miss)
334 silly placeDep ROOT detect-libc@2.0.3 OK for: @mapbox/node-pre-gyp@1.0.11 want: ^2.0.0
335 silly placeDep ROOT https-proxy-agent@5.0.1 OK for: @mapbox/node-pre-gyp@1.0.11 want: ^5.0.0
336 silly placeDep ROOT make-dir@3.1.0 OK for: @mapbox/node-pre-gyp@1.0.11 want: ^3.1.0
337 silly placeDep ROOT node-fetch@2.7.0 OK for: @mapbox/node-pre-gyp@1.0.11 want: ^2.6.7
338 silly placeDep ROOT nopt@5.0.0 OK for: @mapbox/node-pre-gyp@1.0.11 want: ^5.0.0
339 silly placeDep ROOT npmlog@5.0.1 OK for: @mapbox/node-pre-gyp@1.0.11 want: ^5.0.1
340 silly placeDep ROOT rimraf@3.0.2 OK for: @mapbox/node-pre-gyp@1.0.11 want: ^3.0.2
341 silly placeDep ROOT semver@7.6.2 OK for: @mapbox/node-pre-gyp@1.0.11 want: ^7.3.5
342 silly placeDep ROOT tar@6.2.1 OK for: @mapbox/node-pre-gyp@1.0.11 want: ^6.1.11
343 silly fetch manifest agent-base@6
344 silly fetch manifest debug@4
345 silly fetch manifest semver@^6.0.0
346 silly fetch manifest whatwg-url@^5.0.0
347 silly fetch manifest abbrev@1
348 silly fetch manifest gauge@^3.0.0
349 silly fetch manifest set-blocking@^2.0.0
350 silly fetch manifest are-we-there-yet@^2.0.0
351 silly fetch manifest console-control-strings@^1.1.0
352 silly fetch manifest glob@^7.1.3
353 silly fetch manifest chownr@^2.0.0
354 silly fetch manifest mkdirp@^1.0.3
355 silly fetch manifest yallist@^4.0.0
356 silly fetch manifest minipass@^5.0.0
357 silly fetch manifest minizlib@^2.1.1
358 silly fetch manifest fs-minipass@^2.0.0
359 http fetch GET 200 https://registry.npmjs.org/are-we-there-yet 122ms (cache miss)
360 http fetch GET 200 https://registry.npmjs.org/set-blocking 152ms (cache miss)
361 http fetch GET 200 https://registry.npmjs.org/abbrev 172ms (cache miss)
362 http fetch GET 200 https://registry.npmjs.org/console-control-strings 196ms (cache miss)
363 http fetch GET 200 https://registry.npmjs.org/agent-base 226ms (cache miss)
364 http fetch GET 200 https://registry.npmjs.org/chownr 234ms (cache miss)
365 http fetch GET 200 https://registry.npmjs.org/yallist 237ms (cache miss)
366 http fetch GET 200 https://registry.npmjs.org/fs-minipass 265ms (cache miss)
367 http fetch GET 200 https://registry.npmjs.org/minizlib 281ms (cache miss)
368 http fetch GET 200 https://registry.npmjs.org/gauge 294ms (cache miss)
369 http fetch GET 200 https://registry.npmjs.org/mkdirp 304ms (cache miss)
370 http fetch GET 200 https://registry.npmjs.org/whatwg-url 364ms (cache miss)
371 http fetch GET 200 https://registry.npmjs.org/minipass 704ms (cache miss)
372 silly placeDep ROOT accepts@1.3.8 OK for: express@4.19.2 want: ~1.3.8
373 silly placeDep ROOT array-flatten@1.1.1 OK for: express@4.19.2 want: 1.1.1
374 silly placeDep ROOT body-parser@1.20.2 OK for: express@4.19.2 want: 1.20.2
375 silly placeDep ROOT content-disposition@0.5.4 OK for: express@4.19.2 want: 0.5.4
376 silly placeDep ROOT content-type@1.0.5 OK for: express@4.19.2 want: ~1.0.4
377 silly placeDep ROOT cookie@0.6.0 OK for: express@4.19.2 want: 0.6.0
378 silly placeDep ROOT cookie-signature@1.0.6 OK for: express@4.19.2 want: 1.0.6
379 silly placeDep ROOT debug@2.6.9 OK for: express@4.19.2 want: 2.6.9
380 silly placeDep ROOT depd@2.0.0 OK for: express@4.19.2 want: 2.0.0
381 silly placeDep ROOT encodeurl@1.0.2 OK for: express@4.19.2 want: ~1.0.2
382 silly placeDep ROOT escape-html@1.0.3 OK for: express@4.19.2 want: ~1.0.3
383 silly placeDep ROOT etag@1.8.1 OK for: express@4.19.2 want: ~1.8.1
384 silly placeDep ROOT finalhandler@1.2.0 OK for: express@4.19.2 want: 1.2.0
385 silly placeDep ROOT fresh@0.5.2 OK for: express@4.19.2 want: 0.5.2
386 silly placeDep ROOT http-errors@2.0.0 OK for: express@4.19.2 want: 2.0.0
387 silly placeDep ROOT merge-descriptors@1.0.1 OK for: express@4.19.2 want: 1.0.1
388 silly placeDep ROOT methods@1.1.2 OK for: express@4.19.2 want: ~1.1.2
389 silly placeDep ROOT on-finished@2.4.1 OK for: express@4.19.2 want: 2.4.1
390 silly placeDep ROOT parseurl@1.3.3 OK for: express@4.19.2 want: ~1.3.3
391 silly placeDep ROOT path-to-regexp@0.1.7 OK for: express@4.19.2 want: 0.1.7
392 silly placeDep ROOT proxy-addr@2.0.7 OK for: express@4.19.2 want: ~2.0.7
393 silly placeDep ROOT qs@6.11.0 OK for: express@4.19.2 want: 6.11.0
394 silly placeDep ROOT range-parser@1.2.1 OK for: express@4.19.2 want: ~1.2.1
395 silly placeDep ROOT safe-buffer@5.2.1 OK for: express@4.19.2 want: 5.2.1
396 silly placeDep ROOT send@0.18.0 OK for: express@4.19.2 want: 0.18.0
397 silly placeDep ROOT serve-static@1.15.0 OK for: express@4.19.2 want: 1.15.0
398 silly placeDep ROOT setprototypeof@1.2.0 OK for: express@4.19.2 want: 1.2.0
399 silly placeDep ROOT statuses@2.0.1 OK for: express@4.19.2 want: 2.0.1
400 silly placeDep ROOT type-is@1.6.18 OK for: express@4.19.2 want: ~1.6.18
401 silly placeDep ROOT utils-merge@1.0.1 OK for: express@4.19.2 want: 1.0.1
402 silly placeDep ROOT vary@1.1.2 OK for: express@4.19.2 want: ~1.1.2
403 silly fetch manifest mime-types@~2.1.34
404 silly fetch manifest negotiator@0.6.3
405 silly fetch manifest bytes@3.1.2
406 silly fetch manifest unpipe@1.0.0
407 silly fetch manifest destroy@1.2.0
408 silly fetch manifest raw-body@2.5.2
409 silly fetch manifest iconv-lite@0.4.24
410 silly fetch manifest content-type@~1.0.5
411 silly fetch manifest ms@2.0.0
412 silly fetch manifest unpipe@~1.0.0
413 silly fetch manifest inherits@2.0.4
414 silly fetch manifest toidentifier@1.0.1
415 silly fetch manifest ee-first@1.1.1
416 silly fetch manifest forwarded@0.2.0
417 silly fetch manifest ipaddr.js@1.9.1
418 silly fetch manifest side-channel@^1.0.4
419 silly fetch manifest ms@2.1.3
420 silly fetch manifest mime@1.6.0
421 http fetch GET 200 https://registry.npmjs.org/unpipe 133ms (cache miss)
422 silly fetch manifest media-typer@0.3.0
423 http fetch GET 200 https://registry.npmjs.org/unpipe 131ms (cache miss)
424 silly fetch manifest mime-types@~2.1.24
425 http fetch GET 200 https://registry.npmjs.org/bytes 162ms (cache miss)
426 http fetch GET 200 https://registry.npmjs.org/toidentifier 172ms (cache miss)
427 http fetch GET 200 https://registry.npmjs.org/inherits 185ms (cache miss)
428 http fetch GET 200 https://registry.npmjs.org/forwarded 191ms (cache miss)
429 http fetch GET 200 https://registry.npmjs.org/destroy 198ms (cache miss)
430 http fetch GET 200 https://registry.npmjs.org/ee-first 196ms (cache miss)
431 http fetch GET 200 https://registry.npmjs.org/side-channel 209ms (cache miss)
432 http fetch GET 200 https://registry.npmjs.org/negotiator 237ms (cache miss)
433 http fetch GET 200 https://registry.npmjs.org/ipaddr.js 263ms (cache miss)
434 http fetch GET 200 https://registry.npmjs.org/raw-body 284ms (cache miss)
435 http fetch GET 200 https://registry.npmjs.org/media-typer 158ms (cache miss)
436 http fetch GET 200 https://registry.npmjs.org/mime-types 307ms (cache miss)
437 http fetch GET 200 https://registry.npmjs.org/mime 316ms (cache miss)
438 http fetch GET 200 https://registry.npmjs.org/mime-types 195ms (cache miss)
439 silly placeDep ROOT mime-types@2.1.35 OK for: accepts@1.3.8 want: ~2.1.34
440 silly placeDep ROOT negotiator@0.6.3 OK for: accepts@1.3.8 want: 0.6.3
441 silly fetch manifest mime-db@1.52.0
442 http fetch GET 200 https://registry.npmjs.org/mime-db 130ms (cache miss)
443 silly placeDep ROOT bytes@3.1.2 OK for: body-parser@1.20.2 want: 3.1.2
444 silly placeDep ROOT destroy@1.2.0 OK for: body-parser@1.20.2 want: 1.2.0
445 silly placeDep ROOT iconv-lite@0.4.24 OK for: body-parser@1.20.2 want: 0.4.24
446 silly placeDep ROOT raw-body@2.5.2 OK for: body-parser@1.20.2 want: 2.5.2
447 silly placeDep ROOT unpipe@1.0.0 OK for: body-parser@1.20.2 want: 1.0.0
448 silly fetch manifest safer-buffer@>= 2.1.2 < 3
449 http fetch GET 200 https://registry.npmjs.org/safer-buffer 118ms (cache miss)
450 silly placeDep ROOT ms@2.0.0 OK for: debug@2.6.9 want: 2.0.0
451 silly placeDep ROOT inherits@2.0.4 OK for: http-errors@2.0.0 want: 2.0.4
452 silly placeDep ROOT toidentifier@1.0.1 OK for: http-errors@2.0.0 want: 1.0.1
453 silly placeDep ROOT agent-base@6.0.2 OK for: https-proxy-agent@5.0.1 want: 6
454 silly placeDep node_modules/https-proxy-agent debug@4.3.5 OK for: https-proxy-agent@5.0.1 want: 4
455 silly fetch manifest ms@2.1.2
456 silly placeDep node_modules/agent-base debug@4.3.5 OK for: agent-base@6.0.2 want: 4
457 silly placeDep ROOT safer-buffer@2.1.2 OK for: iconv-lite@0.4.24 want: >= 2.1.2 < 3
458 silly placeDep ROOT jws@3.2.2 OK for: jsonwebtoken@9.0.2 want: ^3.2.2
459 silly placeDep ROOT lodash.includes@4.3.0 OK for: jsonwebtoken@9.0.2 want: ^4.3.0
460 silly placeDep ROOT lodash.isboolean@3.0.3 OK for: jsonwebtoken@9.0.2 want: ^3.0.3
461 silly placeDep ROOT lodash.isinteger@4.0.4 OK for: jsonwebtoken@9.0.2 want: ^4.0.4
462 silly placeDep ROOT lodash.isnumber@3.0.3 OK for: jsonwebtoken@9.0.2 want: ^3.0.3
463 silly placeDep ROOT lodash.isplainobject@4.0.6 OK for: jsonwebtoken@9.0.2 want: ^4.0.6
464 silly placeDep ROOT lodash.isstring@4.0.1 OK for: jsonwebtoken@9.0.2 want: ^4.0.1
465 silly placeDep ROOT lodash.once@4.1.1 OK for: jsonwebtoken@9.0.2 want: ^4.0.0
466 silly placeDep node_modules/jsonwebtoken ms@2.1.3 OK for: jsonwebtoken@9.0.2 want: ^2.1.1
467 silly fetch manifest jwa@^1.4.1
468 http fetch GET 200 https://registry.npmjs.org/jwa 137ms (cache miss)
469 silly placeDep ROOT jwa@1.4.1 OK for: jws@3.2.2 want: ^1.4.1
470 silly fetch manifest buffer-equal-constant-time@1.0.1
471 silly fetch manifest ecdsa-sig-formatter@1.0.11
472 http fetch GET 200 https://registry.npmjs.org/buffer-equal-constant-time 116ms (cache miss)
473 http fetch GET 200 https://registry.npmjs.org/ecdsa-sig-formatter 123ms (cache miss)
474 silly placeDep ROOT buffer-equal-constant-time@1.0.1 OK for: jwa@1.4.1 want: 1.0.1
475 silly placeDep ROOT ecdsa-sig-formatter@1.0.11 OK for: jwa@1.4.1 want: 1.0.11
476 silly placeDep node_modules/make-dir semver@6.3.1 OK for: make-dir@3.1.0 want: ^6.0.0
477 silly placeDep ROOT mime-db@1.52.0 OK for: mime-types@2.1.35 want: 1.52.0
478 silly placeDep ROOT denque@2.1.0 OK for: mysql2@3.10.1 want: ^2.1.0
479 silly placeDep ROOT generate-function@2.3.1 OK for: mysql2@3.10.1 want: ^2.3.1
480 silly placeDep node_modules/mysql2 iconv-lite@0.6.3 OK for: mysql2@3.10.1 want: ^0.6.3
481 silly placeDep ROOT long@5.2.3 OK for: mysql2@3.10.1 want: ^5.2.1
482 silly placeDep ROOT lru-cache@8.0.5 OK for: mysql2@3.10.1 want: ^8.0.0
483 silly placeDep ROOT named-placeholders@1.1.3 OK for: mysql2@3.10.1 want: ^1.1.3
484 silly placeDep ROOT seq-queue@0.0.5 OK for: mysql2@3.10.1 want: ^0.0.5
485 silly placeDep ROOT sqlstring@2.3.3 OK for: mysql2@3.10.1 want: ^2.3.2
486 silly fetch manifest is-property@^1.0.2
487 silly fetch manifest lru-cache@^7.14.1
488 http fetch GET 200 https://registry.npmjs.org/is-property 146ms (cache miss)
489 silly placeDep ROOT is-property@1.0.2 OK for: generate-function@2.3.1 want: ^1.0.2
490 silly placeDep node_modules/named-placeholders lru-cache@7.18.3 OK for: named-placeholders@1.1.3 want: ^7.14.1
491 silly placeDep ROOT whatwg-url@5.0.0 OK for: node-fetch@2.7.0 want: ^5.0.0
492 silly fetch manifest tr46@~0.0.3
493 silly fetch manifest webidl-conversions@^3.0.0
494 http fetch GET 200 https://registry.npmjs.org/webidl-conversions 181ms (cache miss)
495 http fetch GET 200 https://registry.npmjs.org/tr46 196ms (cache miss)
496 silly placeDep ROOT chokidar@3.6.0 OK for: nodemon@3.1.4 want: ^3.5.2
497 silly placeDep node_modules/nodemon debug@4.3.5 OK for: nodemon@3.1.4 want: ^4
498 silly placeDep ROOT ignore-by-default@1.0.1 OK for: nodemon@3.1.4 want: ^1.0.1
499 silly placeDep ROOT minimatch@3.1.2 OK for: nodemon@3.1.4 want: ^3.1.2
500 silly placeDep ROOT pstree.remy@1.1.8 OK for: nodemon@3.1.4 want: ^1.1.8
501 silly placeDep ROOT simple-update-notifier@2.0.0 OK for: nodemon@3.1.4 want: ^2.0.0
502 silly placeDep ROOT supports-color@5.5.0 OK for: nodemon@3.1.4 want: ^5.5.0
503 silly placeDep ROOT touch@3.1.1 OK for: nodemon@3.1.4 want: ^3.1.0
504 silly placeDep ROOT undefsafe@2.0.5 OK for: nodemon@3.1.4 want: ^2.0.5
505 silly fetch manifest anymatch@~3.1.2
506 silly fetch manifest braces@~3.0.2
507 silly fetch manifest glob-parent@~5.1.2
508 silly fetch manifest is-binary-path@~2.1.0
509 silly fetch manifest is-glob@~4.0.1
510 silly fetch manifest normalize-path@~3.0.0
511 silly fetch manifest readdirp@~3.6.0
512 silly fetch manifest fsevents@~2.3.2
513 silly fetch manifest brace-expansion@^1.1.7
514 silly fetch manifest has-flag@^3.0.0
515 http fetch GET 200 https://registry.npmjs.org/anymatch 116ms (cache revalidated)
516 http fetch GET 200 https://registry.npmjs.org/brace-expansion 114ms (cache miss)
517 http fetch GET 200 https://registry.npmjs.org/fsevents 150ms (cache revalidated)
518 http fetch GET 200 https://registry.npmjs.org/braces 155ms (cache revalidated)
519 http fetch GET 200 https://registry.npmjs.org/glob-parent 160ms (cache revalidated)
520 http fetch GET 200 https://registry.npmjs.org/normalize-path 159ms (cache revalidated)
521 http fetch GET 200 https://registry.npmjs.org/has-flag 161ms (cache revalidated)
522 http fetch GET 200 https://registry.npmjs.org/is-binary-path 165ms (cache revalidated)
523 http fetch GET 200 https://registry.npmjs.org/readdirp 164ms (cache revalidated)
524 http fetch GET 200 https://registry.npmjs.org/is-glob 183ms (cache revalidated)
525 silly placeDep ROOT anymatch@3.1.3 OK for: chokidar@3.6.0 want: ~3.1.2
526 silly placeDep ROOT braces@3.0.3 OK for: chokidar@3.6.0 want: ~3.0.2
527 silly placeDep ROOT fsevents@2.3.3 OK for: chokidar@3.6.0 want: ~2.3.2
528 silly placeDep ROOT glob-parent@5.1.2 OK for: chokidar@3.6.0 want: ~5.1.2
529 silly placeDep ROOT is-binary-path@2.1.0 OK for: chokidar@3.6.0 want: ~2.1.0
530 silly placeDep ROOT is-glob@4.0.3 OK for: chokidar@3.6.0 want: ~4.0.1
531 silly placeDep ROOT normalize-path@3.0.0 OK for: chokidar@3.6.0 want: ~3.0.0
532 silly placeDep ROOT readdirp@3.6.0 OK for: chokidar@3.6.0 want: ~3.6.0
533 silly fetch manifest normalize-path@^3.0.0
534 silly fetch manifest picomatch@^2.0.4
535 silly fetch manifest fill-range@^7.1.1
536 silly fetch manifest is-glob@^4.0.1
537 silly fetch manifest binary-extensions@^2.0.0
538 silly fetch manifest is-extglob@^2.1.1
539 silly fetch manifest picomatch@^2.2.1
540 http fetch GET 200 https://registry.npmjs.org/binary-extensions 114ms (cache revalidated)
541 http fetch GET 200 https://registry.npmjs.org/fill-range 117ms (cache revalidated)
542 http fetch GET 200 https://registry.npmjs.org/picomatch 118ms (cache revalidated)
543 http fetch GET 200 https://registry.npmjs.org/picomatch 119ms (cache revalidated)
544 http fetch GET 200 https://registry.npmjs.org/is-extglob 126ms (cache revalidated)
545 silly placeDep ROOT picomatch@2.3.1 OK for: anymatch@3.1.3 want: ^2.0.4
546 silly placeDep ROOT fill-range@7.1.1 OK for: braces@3.0.3 want: ^7.1.1
547 silly fetch manifest to-regex-range@^5.0.1
548 http fetch GET 200 https://registry.npmjs.org/to-regex-range 168ms (cache revalidated)
549 silly placeDep ROOT to-regex-range@5.0.1 OK for: fill-range@7.1.1 want: ^5.0.1
550 silly fetch manifest is-number@^7.0.0
551 http fetch GET 200 https://registry.npmjs.org/is-number 222ms (cache revalidated)
552 silly placeDep ROOT binary-extensions@2.3.0 OK for: is-binary-path@2.1.0 want: ^2.0.0
553 silly placeDep ROOT is-extglob@2.1.1 OK for: is-glob@4.0.3 want: ^2.1.1
554 silly placeDep ROOT brace-expansion@1.1.11 OK for: minimatch@3.1.2 want: ^1.1.7
555 silly fetch manifest balanced-match@^1.0.0
556 silly fetch manifest concat-map@0.0.1
557 http fetch GET 200 https://registry.npmjs.org/balanced-match 129ms (cache miss)
558 http fetch GET 200 https://registry.npmjs.org/concat-map 131ms (cache miss)
559 silly placeDep ROOT balanced-match@1.0.2 OK for: brace-expansion@1.1.11 want: ^1.0.0
560 silly placeDep ROOT concat-map@0.0.1 OK for: brace-expansion@1.1.11 want: 0.0.1
561 silly placeDep ROOT abbrev@1.1.1 OK for: nopt@5.0.0 want: 1
562 silly placeDep ROOT are-we-there-yet@2.0.0 OK for: npmlog@5.0.1 want: ^2.0.0
563 silly placeDep ROOT console-control-strings@1.1.0 OK for: npmlog@5.0.1 want: ^1.1.0
564 silly placeDep ROOT gauge@3.0.2 OK for: npmlog@5.0.1 want: ^3.0.0
565 silly placeDep ROOT set-blocking@2.0.0 OK for: npmlog@5.0.1 want: ^2.0.0
566 silly fetch manifest delegates@^1.0.0
567 silly fetch manifest readable-stream@^3.6.0
568 silly fetch manifest aproba@^1.0.3 || ^2.0.0
569 silly fetch manifest strip-ansi@^6.0.1
570 silly fetch manifest wide-align@^1.1.2
571 silly fetch manifest has-unicode@^2.0.1
572 silly fetch manifest signal-exit@^3.0.0
573 silly fetch manifest string-width@^4.2.3
574 silly fetch manifest color-support@^1.1.2
575 silly fetch manifest object-assign@^4.1.1
576 http fetch GET 200 https://registry.npmjs.org/delegates 163ms (cache miss)
577 http fetch GET 200 https://registry.npmjs.org/color-support 168ms (cache miss)
578 http fetch GET 200 https://registry.npmjs.org/signal-exit 176ms (cache miss)
579 http fetch GET 200 https://registry.npmjs.org/has-unicode 179ms (cache miss)
580 http fetch GET 200 https://registry.npmjs.org/aproba 188ms (cache miss)
581 http fetch GET 200 https://registry.npmjs.org/wide-align 188ms (cache miss)
582 http fetch GET 200 https://registry.npmjs.org/object-assign 191ms (cache miss)
583 http fetch GET 200 https://registry.npmjs.org/strip-ansi 201ms (cache miss)
584 http fetch GET 200 https://registry.npmjs.org/string-width 202ms (cache miss)
585 http fetch GET 200 https://registry.npmjs.org/readable-stream 431ms (cache miss)
586 silly placeDep ROOT delegates@1.0.0 OK for: are-we-there-yet@2.0.0 want: ^1.0.0
587 silly placeDep ROOT readable-stream@3.6.2 OK for: are-we-there-yet@2.0.0 want: ^3.6.0
588 silly fetch manifest string_decoder@^1.1.1
589 silly fetch manifest util-deprecate@^1.0.1
590 http fetch GET 200 https://registry.npmjs.org/string_decoder 114ms (cache miss)
591 http fetch GET 200 https://registry.npmjs.org/util-deprecate 119ms (cache miss)
592 silly placeDep ROOT aproba@2.0.0 OK for: gauge@3.0.2 want: ^1.0.3 || ^2.0.0
593 silly placeDep ROOT color-support@1.1.3 OK for: gauge@3.0.2 want: ^1.1.2
594 silly placeDep ROOT has-unicode@2.0.1 OK for: gauge@3.0.2 want: ^2.0.1
595 silly placeDep ROOT object-assign@4.1.1 OK for: gauge@3.0.2 want: ^4.1.1
596 silly placeDep ROOT signal-exit@3.0.7 OK for: gauge@3.0.2 want: ^3.0.0
597 silly placeDep ROOT string-width@4.2.3 OK for: gauge@3.0.2 want: ^4.2.3
598 silly placeDep ROOT strip-ansi@6.0.1 OK for: gauge@3.0.2 want: ^6.0.1
599 silly placeDep ROOT wide-align@1.1.5 OK for: gauge@3.0.2 want: ^1.1.2
600 silly fetch manifest emoji-regex@^8.0.0
601 silly fetch manifest is-fullwidth-code-point@^3.0.0
602 silly fetch manifest ansi-regex@^5.0.1
603 http fetch GET 200 https://registry.npmjs.org/is-fullwidth-code-point 108ms (cache miss)
604 http fetch GET 200 https://registry.npmjs.org/ansi-regex 131ms (cache miss)
605 http fetch GET 200 https://registry.npmjs.org/emoji-regex 139ms (cache miss)
606 silly placeDep ROOT ee-first@1.1.1 OK for: on-finished@2.4.1 want: 1.1.1
607 silly fetch manifest pg@>=8.0
608 silly placeDep ROOT pg-cloudflare@1.1.1 OK for: pg@8.12.0 want: ^1.1.1
609 silly placeDep ROOT pg-connection-string@2.6.4 OK for: pg@8.12.0 want: ^2.6.4
610 silly placeDep ROOT pg-pool@3.6.2 OK for: pg@8.12.0 want: ^3.6.2
611 silly placeDep ROOT pg-protocol@1.6.1 OK for: pg@8.12.0 want: ^1.6.1
612 silly placeDep ROOT pg-types@2.2.0 OK for: pg@8.12.0 want: ^2.1.0
613 silly placeDep ROOT pgpass@1.0.5 OK for: pg@8.12.0 want: 1.x
614 silly fetch manifest pg-int8@1.0.1
615 silly fetch manifest postgres-array@~2.0.0
616 silly fetch manifest postgres-bytea@~1.0.0
617 silly fetch manifest postgres-date@~1.0.4
618 silly fetch manifest postgres-interval@^1.1.0
619 silly fetch manifest split2@^4.1.0
620 http fetch GET 200 https://registry.npmjs.org/postgres-array 99ms (cache miss)
621 http fetch GET 200 https://registry.npmjs.org/postgres-date 117ms (cache miss)
622 http fetch GET 200 https://registry.npmjs.org/pg-int8 121ms (cache miss)
623 http fetch GET 200 https://registry.npmjs.org/postgres-bytea 124ms (cache miss)
624 http fetch GET 200 https://registry.npmjs.org/split2 130ms (cache miss)
625 http fetch GET 200 https://registry.npmjs.org/postgres-interval 311ms (cache miss)
626 silly placeDep ROOT underscore@1.13.6 OK for: pg-hstore@2.3.4 want: ^1.13.1
627 silly placeDep ROOT pg-int8@1.0.1 OK for: pg-types@2.2.0 want: 1.0.1
628 silly placeDep ROOT postgres-array@2.0.0 OK for: pg-types@2.2.0 want: ~2.0.0
629 silly placeDep ROOT postgres-bytea@1.0.0 OK for: pg-types@2.2.0 want: ~1.0.0
630 silly placeDep ROOT postgres-date@1.0.7 OK for: pg-types@2.2.0 want: ~1.0.4
631 silly placeDep ROOT postgres-interval@1.2.0 OK for: pg-types@2.2.0 want: ^1.1.0
632 silly fetch manifest xtend@^4.0.0
633 http fetch GET 200 https://registry.npmjs.org/xtend 115ms (cache miss)
634 silly placeDep ROOT split2@4.2.0 OK for: pgpass@1.0.5 want: ^4.1.0
635 silly placeDep ROOT xtend@4.0.2 OK for: postgres-interval@1.2.0 want: ^4.0.0
636 silly placeDep ROOT forwarded@0.2.0 OK for: proxy-addr@2.0.7 want: 0.2.0
637 silly placeDep ROOT ipaddr.js@1.9.1 OK for: proxy-addr@2.0.7 want: 1.9.1
638 silly placeDep ROOT side-channel@1.0.6 OK for: qs@6.11.0 want: ^1.0.4
639 silly fetch manifest call-bind@^1.0.7
640 silly fetch manifest es-errors@^1.3.0
641 silly fetch manifest get-intrinsic@^1.2.4
642 silly fetch manifest object-inspect@^1.13.1
643 http fetch GET 200 https://registry.npmjs.org/es-errors 103ms (cache miss)
644 http fetch GET 200 https://registry.npmjs.org/call-bind 133ms (cache miss)
645 http fetch GET 200 https://registry.npmjs.org/object-inspect 137ms (cache miss)
646 http fetch GET 200 https://registry.npmjs.org/get-intrinsic 153ms (cache miss)
647 silly placeDep ROOT string_decoder@1.3.0 OK for: readable-stream@3.6.2 want: ^1.1.1
648 silly placeDep ROOT util-deprecate@1.0.2 OK for: readable-stream@3.6.2 want: ^1.0.1
649 silly placeDep ROOT glob@7.2.3 OK for: rimraf@3.0.2 want: ^7.1.3
650 silly fetch manifest once@^1.3.0
651 silly fetch manifest inflight@^1.0.4
652 silly fetch manifest fs.realpath@^1.0.0
653 silly fetch manifest path-is-absolute@^1.0.0
654 http fetch GET 200 https://registry.npmjs.org/fs.realpath 107ms (cache miss)
655 http fetch GET 200 https://registry.npmjs.org/inflight 108ms (cache miss)
656 http fetch GET 200 https://registry.npmjs.org/path-is-absolute 110ms (cache miss)
657 http fetch GET 200 https://registry.npmjs.org/once 122ms (cache miss)
658 silly placeDep ROOT fs.realpath@1.0.0 OK for: glob@7.2.3 want: ^1.0.0
659 silly placeDep ROOT inflight@1.0.6 OK for: glob@7.2.3 want: ^1.0.4
660 silly placeDep ROOT once@1.4.0 OK for: glob@7.2.3 want: ^1.3.0
661 silly placeDep ROOT path-is-absolute@1.0.1 OK for: glob@7.2.3 want: ^1.0.0
662 silly fetch manifest wrappy@1
663 http fetch GET 200 https://registry.npmjs.org/wrappy 97ms (cache miss)
664 silly placeDep ROOT wrappy@1.0.2 OK for: inflight@1.0.6 want: 1
665 silly placeDep ROOT mime@1.6.0 OK for: send@0.18.0 want: 1.6.0
666 silly placeDep node_modules/send ms@2.1.3 OK for: send@0.18.0 want: 2.1.3
667 silly placeDep ROOT @types/debug@4.1.12 OK for: sequelize@6.37.3 want: ^4.1.8
668 silly placeDep node_modules/sequelize debug@4.3.5 OK for: sequelize@6.37.3 want: ^4.3.4
669 silly placeDep ROOT dottie@2.0.6 OK for: sequelize@6.37.3 want: ^2.0.6
670 silly placeDep ROOT inflection@1.13.4 OK for: sequelize@6.37.3 want: ^1.13.4
671 silly placeDep ROOT lodash@4.17.21 OK for: sequelize@6.37.3 want: ^4.17.21
672 silly placeDep ROOT moment@2.30.1 OK for: sequelize@6.37.3 want: ^2.29.4
673 silly placeDep ROOT moment-timezone@0.5.45 OK for: sequelize@6.37.3 want: ^0.5.43
674 silly placeDep ROOT retry-as-promised@7.0.4 OK for: sequelize@6.37.3 want: ^7.0.4
675 silly placeDep ROOT sequelize-pool@7.1.0 OK for: sequelize@6.37.3 want: ^7.1.0
676 silly placeDep ROOT toposort-class@1.0.1 OK for: sequelize@6.37.3 want: ^1.0.1
677 silly placeDep ROOT uuid@8.3.2 OK for: sequelize@6.37.3 want: ^8.3.2
678 silly placeDep ROOT validator@13.12.0 OK for: sequelize@6.37.3 want: ^13.9.0
679 silly placeDep ROOT wkx@0.5.0 OK for: sequelize@6.37.3 want: ^0.5.0
680 silly fetch manifest @types/ms@*
681 http fetch GET 200 https://registry.npmjs.org/@types%2fms 105ms (cache miss)
682 silly placeDep ROOT @types/ms@0.7.34 OK for: @types/debug@4.1.12 want: *
683 silly placeDep ROOT cli-color@2.0.4 OK for: sequelize-cli@6.6.2 want: ^2.0.3
684 silly placeDep ROOT fs-extra@9.1.0 OK for: sequelize-cli@6.6.2 want: ^9.1.0
685 silly placeDep ROOT js-beautify@1.15.1 OK for: sequelize-cli@6.6.2 want: ^1.14.5
686 silly placeDep ROOT resolve@1.22.8 OK for: sequelize-cli@6.6.2 want: ^1.22.1
687 silly placeDep ROOT umzug@2.3.0 OK for: sequelize-cli@6.6.2 want: ^2.3.0
688 silly placeDep ROOT yargs@16.2.0 OK for: sequelize-cli@6.6.2 want: ^16.2.0
689 silly fetch manifest d@^1.0.1
690 silly fetch manifest es5-ext@^0.10.64
691 silly fetch manifest es6-iterator@^2.0.3
692 silly fetch manifest memoizee@^0.4.15
693 silly fetch manifest timers-ext@^0.1.7
694 silly fetch manifest at-least-node@^1.0.0
695 silly fetch manifest graceful-fs@^4.2.0
696 silly fetch manifest jsonfile@^6.0.1
697 silly fetch manifest universalify@^2.0.0
698 silly fetch manifest config-chain@^1.1.13
699 silly fetch manifest editorconfig@^1.0.4
700 silly fetch manifest glob@^10.3.3
701 silly fetch manifest js-cookie@^3.0.5
702 silly fetch manifest nopt@^7.2.0
703 silly fetch manifest is-core-module@^2.13.0
704 silly fetch manifest path-parse@^1.0.7
705 silly fetch manifest supports-preserve-symlinks-flag@^1.0.0
706 http fetch GET 200 https://registry.npmjs.org/es6-iterator 114ms (cache miss)
707 silly fetch manifest bluebird@^3.7.2
708 http fetch GET 200 https://registry.npmjs.org/d 127ms (cache miss)
709 silly fetch manifest cliui@^7.0.2
710 http fetch GET 200 https://registry.npmjs.org/at-least-node 134ms (cache miss)
711 silly fetch manifest escalade@^3.1.1
712 http fetch GET 200 https://registry.npmjs.org/supports-preserve-symlinks-flag 194ms (cache miss)
713 silly fetch manifest get-caller-file@^2.0.5
714 http fetch GET 200 https://registry.npmjs.org/path-parse 207ms (cache miss)
715 silly fetch manifest require-directory@^2.1.1
716 http fetch GET 200 https://registry.npmjs.org/universalify 231ms (cache miss)
717 silly fetch manifest y18n@^5.0.5
718 http fetch GET 200 https://registry.npmjs.org/timers-ext 259ms (cache miss)
719 silly fetch manifest yargs-parser@^20.2.2
720 http fetch GET 200 https://registry.npmjs.org/config-chain 273ms (cache miss)
721 http fetch GET 200 https://registry.npmjs.org/memoizee 296ms (cache miss)
722 http fetch GET 200 https://registry.npmjs.org/jsonfile 299ms (cache miss)
723 http fetch GET 200 https://registry.npmjs.org/editorconfig 315ms (cache miss)
724 http fetch GET 200 https://registry.npmjs.org/is-core-module 343ms (cache miss)
725 http fetch GET 200 https://registry.npmjs.org/escalade 227ms (cache miss)
726 http fetch GET 200 https://registry.npmjs.org/require-directory 160ms (cache miss)
727 http fetch GET 200 https://registry.npmjs.org/cliui 281ms (cache miss)
728 http fetch GET 200 https://registry.npmjs.org/get-caller-file 208ms (cache miss)
729 http fetch GET 200 https://registry.npmjs.org/js-cookie 441ms (cache miss)
730 http fetch GET 200 https://registry.npmjs.org/graceful-fs 452ms (cache miss)
731 http fetch GET 200 https://registry.npmjs.org/y18n 233ms (cache miss)
732 http fetch GET 200 https://registry.npmjs.org/es5-ext 474ms (cache miss)
733 http fetch GET 200 https://registry.npmjs.org/yargs-parser 303ms (cache miss)
734 http fetch GET 200 https://registry.npmjs.org/bluebird 1471ms (cache miss)
735 silly placeDep ROOT d@1.0.2 OK for: cli-color@2.0.4 want: ^1.0.1
736 silly placeDep ROOT es5-ext@0.10.64 OK for: cli-color@2.0.4 want: ^0.10.64
737 silly placeDep ROOT es6-iterator@2.0.3 OK for: cli-color@2.0.4 want: ^2.0.3
738 silly placeDep ROOT memoizee@0.4.17 OK for: cli-color@2.0.4 want: ^0.4.15
739 silly placeDep ROOT timers-ext@0.1.8 OK for: cli-color@2.0.4 want: ^0.1.7
740 silly fetch manifest type@^2.7.2
741 silly fetch manifest es6-symbol@^3.1.3
742 silly fetch manifest esniff@^2.0.1
743 silly fetch manifest next-tick@^1.1.0
744 silly fetch manifest es6-symbol@^3.1.1
745 silly fetch manifest es6-weak-map@^2.0.3
746 silly fetch manifest event-emitter@^0.3.5
747 silly fetch manifest is-promise@^2.2.2
748 silly fetch manifest lru-queue@^0.1.0
749 http fetch GET 200 https://registry.npmjs.org/type 177ms (cache miss)
750 http fetch GET 200 https://registry.npmjs.org/es6-weak-map 184ms (cache miss)
751 http fetch GET 200 https://registry.npmjs.org/next-tick 198ms (cache miss)
752 http fetch GET 200 https://registry.npmjs.org/is-promise 212ms (cache miss)
753 http fetch GET 200 https://registry.npmjs.org/lru-queue 213ms (cache miss)
754 http fetch GET 200 https://registry.npmjs.org/event-emitter 225ms (cache miss)
755 http fetch GET 200 https://registry.npmjs.org/es6-symbol 228ms (cache miss)
756 http fetch GET 200 https://registry.npmjs.org/es6-symbol 231ms (cache miss)
757 http fetch GET 200 https://registry.npmjs.org/esniff 232ms (cache miss)
758 silly placeDep ROOT type@2.7.3 OK for: d@1.0.2 want: ^2.7.2
759 silly placeDep ROOT es6-symbol@3.1.4 OK for: es5-ext@0.10.64 want: ^3.1.3
760 silly placeDep ROOT esniff@2.0.1 OK for: es5-ext@0.10.64 want: ^2.0.1
761 silly placeDep ROOT next-tick@1.1.0 OK for: es5-ext@0.10.64 want: ^1.1.0
762 silly fetch manifest ext@^1.7.0
763 http fetch GET 200 https://registry.npmjs.org/ext 129ms (cache miss)
764 silly placeDep ROOT ext@1.7.0 OK for: es6-symbol@3.1.4 want: ^1.7.0
765 silly placeDep ROOT event-emitter@0.3.5 OK for: esniff@2.0.1 want: ^0.3.5
766 silly placeDep ROOT at-least-node@1.0.0 OK for: fs-extra@9.1.0 want: ^1.0.0
767 silly placeDep ROOT graceful-fs@4.2.11 OK for: fs-extra@9.1.0 want: ^4.2.0
768 silly placeDep ROOT jsonfile@6.1.0 OK for: fs-extra@9.1.0 want: ^6.0.1
769 silly placeDep ROOT universalify@2.0.1 OK for: fs-extra@9.1.0 want: ^2.0.0
770 silly placeDep ROOT config-chain@1.1.13 OK for: js-beautify@1.15.1 want: ^1.1.13
771 silly placeDep ROOT editorconfig@1.0.4 OK for: js-beautify@1.15.1 want: ^1.0.4
772 silly placeDep node_modules/js-beautify glob@10.4.2 OK for: js-beautify@1.15.1 want: ^10.3.3
773 silly placeDep ROOT js-cookie@3.0.5 OK for: js-beautify@1.15.1 want: ^3.0.5
774 silly placeDep node_modules/js-beautify nopt@7.2.1 OK for: js-beautify@1.15.1 want: ^7.2.0
775 silly fetch manifest proto-list@~1.2.1
776 silly fetch manifest ini@^1.3.4
777 silly fetch manifest @one-ini/wasm@0.1.1
778 silly fetch manifest commander@^10.0.0
779 silly fetch manifest minimatch@9.0.1
780 silly fetch manifest foreground-child@^3.1.0
781 silly fetch manifest jackspeak@^3.1.2
782 silly fetch manifest minimatch@^9.0.4
783 silly fetch manifest minipass@^7.1.2
784 silly fetch manifest package-json-from-dist@^1.0.0
785 silly fetch manifest path-scurry@^1.11.1
786 silly fetch manifest abbrev@^2.0.0
787 http fetch GET 200 https://registry.npmjs.org/package-json-from-dist 271ms (cache miss)
788 http fetch GET 200 https://registry.npmjs.org/proto-list 362ms (cache miss)
789 http fetch GET 200 https://registry.npmjs.org/path-scurry 373ms (cache miss)
790 http fetch GET 200 https://registry.npmjs.org/jackspeak 393ms (cache miss)
791 http fetch GET 200 https://registry.npmjs.org/@one-ini%2fwasm 452ms (cache miss)
792 http fetch GET 200 https://registry.npmjs.org/ini 461ms (cache miss)
793 http fetch GET 200 https://registry.npmjs.org/foreground-child 460ms (cache miss)
794 http fetch GET 200 https://registry.npmjs.org/commander 689ms (cache miss)
795 silly placeDep ROOT ini@1.3.8 OK for: config-chain@1.1.13 want: ^1.3.4
796 silly placeDep ROOT proto-list@1.2.4 OK for: config-chain@1.1.13 want: ~1.2.1
797 silly placeDep ROOT @one-ini/wasm@0.1.1 OK for: editorconfig@1.0.4 want: 0.1.1
798 silly placeDep ROOT commander@10.0.1 OK for: editorconfig@1.0.4 want: ^10.0.0
799 silly placeDep node_modules/editorconfig minimatch@9.0.1 OK for: editorconfig@1.0.4 want: 9.0.1
800 silly fetch manifest brace-expansion@^2.0.1
801 silly placeDep ROOT es6-weak-map@2.0.3 OK for: memoizee@0.4.17 want: ^2.0.3
802 silly placeDep ROOT is-promise@2.2.2 OK for: memoizee@0.4.17 want: ^2.2.2
803 silly placeDep ROOT lru-queue@0.1.0 OK for: memoizee@0.4.17 want: ^0.1.0
804 silly placeDep ROOT is-core-module@2.14.0 OK for: resolve@1.22.8 want: ^2.13.0
805 silly placeDep ROOT path-parse@1.0.7 OK for: resolve@1.22.8 want: ^1.0.7
806 silly placeDep ROOT supports-preserve-symlinks-flag@1.0.0 OK for: resolve@1.22.8 want: ^1.0.0
807 silly fetch manifest hasown@^2.0.2
808 http fetch GET 200 https://registry.npmjs.org/hasown 111ms (cache miss)
809 silly placeDep ROOT hasown@2.0.2 OK for: is-core-module@2.14.0 want: ^2.0.2
810 silly fetch manifest function-bind@^1.1.2
811 http fetch GET 200 https://registry.npmjs.org/function-bind 108ms (cache miss)
812 silly placeDep ROOT function-bind@1.1.2 OK for: hasown@2.0.2 want: ^1.1.2
813 silly placeDep node_modules/sequelize-typescript glob@7.2.0 OK for: sequelize-typescript@2.1.6 want: 7.2.0
814 silly placeDep ROOT call-bind@1.0.7 OK for: side-channel@1.0.6 want: ^1.0.7
815 silly placeDep ROOT es-errors@1.3.0 OK for: side-channel@1.0.6 want: ^1.3.0
816 silly placeDep ROOT get-intrinsic@1.2.4 OK for: side-channel@1.0.6 want: ^1.2.4
817 silly placeDep ROOT object-inspect@1.13.2 OK for: side-channel@1.0.6 want: ^1.13.1
818 silly fetch manifest es-define-property@^1.0.0
819 silly fetch manifest set-function-length@^1.2.1
820 silly fetch manifest has-proto@^1.0.1
821 silly fetch manifest has-symbols@^1.0.3
822 http fetch GET 200 https://registry.npmjs.org/es-define-property 109ms (cache miss)
823 http fetch GET 200 https://registry.npmjs.org/set-function-length 110ms (cache miss)
824 http fetch GET 200 https://registry.npmjs.org/has-proto 120ms (cache miss)
825 http fetch GET 200 https://registry.npmjs.org/has-symbols 127ms (cache miss)
826 silly placeDep ROOT es-define-property@1.0.0 OK for: call-bind@1.0.7 want: ^1.0.0
827 silly placeDep ROOT set-function-length@1.2.2 OK for: call-bind@1.0.7 want: ^1.2.1
828 silly fetch manifest define-data-property@^1.1.4
829 silly fetch manifest gopd@^1.0.1
830 silly fetch manifest has-property-descriptors@^1.0.2
831 http fetch GET 200 https://registry.npmjs.org/gopd 96ms (cache miss)
832 http fetch GET 200 https://registry.npmjs.org/define-data-property 123ms (cache miss)
833 http fetch GET 200 https://registry.npmjs.org/has-property-descriptors 127ms (cache miss)
834 silly placeDep ROOT has-proto@1.0.3 OK for: get-intrinsic@1.2.4 want: ^1.0.1
835 silly placeDep ROOT has-symbols@1.0.3 OK for: get-intrinsic@1.2.4 want: ^1.0.3
836 silly placeDep ROOT define-data-property@1.1.4 OK for: set-function-length@1.2.2 want: ^1.1.4
837 silly placeDep ROOT gopd@1.0.1 OK for: set-function-length@1.2.2 want: ^1.0.1
838 silly placeDep ROOT has-property-descriptors@1.0.2 OK for: set-function-length@1.2.2 want: ^1.0.2
839 silly placeDep ROOT emoji-regex@8.0.0 OK for: string-width@4.2.3 want: ^8.0.0
840 silly placeDep ROOT is-fullwidth-code-point@3.0.0 OK for: string-width@4.2.3 want: ^3.0.0
841 silly placeDep ROOT ansi-regex@5.0.1 OK for: strip-ansi@6.0.1 want: ^5.0.1
842 silly placeDep ROOT has-flag@3.0.0 OK for: supports-color@5.5.0 want: ^3.0.0
843 silly placeDep ROOT chownr@2.0.0 OK for: tar@6.2.1 want: ^2.0.0
844 silly placeDep ROOT fs-minipass@2.1.0 OK for: tar@6.2.1 want: ^2.0.0
845 silly placeDep ROOT minipass@5.0.0 OK for: tar@6.2.1 want: ^5.0.0
846 silly placeDep ROOT minizlib@2.1.2 OK for: tar@6.2.1 want: ^2.1.1
847 silly placeDep ROOT mkdirp@1.0.4 OK for: tar@6.2.1 want: ^1.0.3
848 silly placeDep ROOT yallist@4.0.0 OK for: tar@6.2.1 want: ^4.0.0
849 silly fetch manifest minipass@^3.0.0
850 silly placeDep node_modules/fs-minipass minipass@3.3.6 OK for: fs-minipass@2.1.0 want: ^3.0.0
851 silly placeDep node_modules/minizlib minipass@3.3.6 OK for: minizlib@2.1.2 want: ^3.0.0
852 silly placeDep ROOT is-number@7.0.0 OK for: to-regex-range@5.0.1 want: ^7.0.0
853 silly placeDep ROOT @cspotcode/source-map-support@0.8.1 OK for: ts-node@10.9.2 want: ^0.8.0
854 silly placeDep ROOT @tsconfig/node10@1.0.11 OK for: ts-node@10.9.2 want: ^1.0.7
855 silly placeDep ROOT @tsconfig/node12@1.0.11 OK for: ts-node@10.9.2 want: ^1.0.7
856 silly placeDep ROOT @tsconfig/node14@1.0.3 OK for: ts-node@10.9.2 want: ^1.0.0
857 silly placeDep ROOT @tsconfig/node16@1.0.4 OK for: ts-node@10.9.2 want: ^1.0.2
858 silly placeDep ROOT acorn@8.12.0 OK for: ts-node@10.9.2 want: ^8.4.1
859 silly placeDep ROOT acorn-walk@8.3.3 OK for: ts-node@10.9.2 want: ^8.1.1
860 silly placeDep ROOT arg@4.1.3 OK for: ts-node@10.9.2 want: ^4.1.0
861 silly placeDep ROOT create-require@1.1.1 OK for: ts-node@10.9.2 want: ^1.1.0
862 silly placeDep ROOT diff@4.0.2 OK for: ts-node@10.9.2 want: ^4.0.1
863 silly placeDep ROOT make-error@1.3.6 OK for: ts-node@10.9.2 want: ^1.1.1
864 silly placeDep ROOT v8-compile-cache-lib@3.0.1 OK for: ts-node@10.9.2 want: ^3.0.1
865 silly placeDep ROOT yn@3.1.1 OK for: ts-node@10.9.2 want: 3.1.1
866 silly fetch manifest @jridgewell/trace-mapping@0.3.9
867 http fetch GET 200 https://registry.npmjs.org/@jridgewell%2ftrace-mapping 163ms (cache miss)
868 silly placeDep ROOT @jridgewell/trace-mapping@0.3.9 OK for: @cspotcode/source-map-support@0.8.1 want: 0.3.9
869 silly fetch manifest @jridgewell/resolve-uri@^3.0.3
870 silly fetch manifest @jridgewell/sourcemap-codec@^1.4.10
871 http fetch GET 200 https://registry.npmjs.org/@jridgewell%2fresolve-uri 190ms (cache miss)
872 http fetch GET 200 https://registry.npmjs.org/@jridgewell%2fsourcemap-codec 193ms (cache miss)
873 silly placeDep ROOT @jridgewell/resolve-uri@3.1.2 OK for: @jridgewell/trace-mapping@0.3.9 want: ^3.0.3
874 silly placeDep ROOT @jridgewell/sourcemap-codec@1.4.15 OK for: @jridgewell/trace-mapping@0.3.9 want: ^1.4.10
875 silly placeDep ROOT media-typer@0.3.0 OK for: type-is@1.6.18 want: 0.3.0
876 silly placeDep ROOT bluebird@3.7.2 OK for: umzug@2.3.0 want: ^3.7.2
877 silly placeDep ROOT tr46@0.0.3 OK for: whatwg-url@5.0.0 want: ~0.0.3
878 silly placeDep ROOT webidl-conversions@3.0.1 OK for: whatwg-url@5.0.0 want: ^3.0.0
879 silly placeDep ROOT cliui@7.0.4 OK for: yargs@16.2.0 want: ^7.0.2
880 silly placeDep ROOT escalade@3.1.2 OK for: yargs@16.2.0 want: ^3.1.1
881 silly placeDep ROOT get-caller-file@2.0.5 OK for: yargs@16.2.0 want: ^2.0.5
882 silly placeDep ROOT require-directory@2.1.1 OK for: yargs@16.2.0 want: ^2.1.1
883 silly placeDep ROOT y18n@5.0.8 OK for: yargs@16.2.0 want: ^5.0.5
884 silly placeDep ROOT yargs-parser@20.2.9 OK for: yargs@16.2.0 want: ^20.2.2
885 silly fetch manifest wrap-ansi@^7.0.0
886 http fetch GET 200 https://registry.npmjs.org/wrap-ansi 387ms (cache miss)
887 silly placeDep ROOT wrap-ansi@7.0.0 OK for: cliui@7.0.4 want: ^7.0.0
888 silly fetch manifest ansi-styles@^4.0.0
889 http fetch GET 200 https://registry.npmjs.org/ansi-styles 162ms (cache miss)
890 silly placeDep ROOT ansi-styles@4.3.0 OK for: wrap-ansi@7.0.0 want: ^4.0.0
891 silly fetch manifest color-convert@^2.0.1
892 http fetch GET 200 https://registry.npmjs.org/color-convert 112ms (cache miss)
893 silly placeDep ROOT color-convert@2.0.1 OK for: ansi-styles@4.3.0 want: ^2.0.1
894 silly fetch manifest color-name@~1.1.4
895 http fetch GET 200 https://registry.npmjs.org/color-name 96ms (cache miss)
896 silly placeDep ROOT color-name@1.1.4 OK for: color-convert@2.0.1 want: ~1.1.4
897 silly placeDep node_modules/agent-base ms@2.1.2 OK for: debug@4.3.5 want: 2.1.2
898 silly placeDep node_modules/editorconfig brace-expansion@2.0.1 OK for: minimatch@9.0.1 want: ^2.0.1
899 silly placeDep node_modules/https-proxy-agent ms@2.1.2 OK for: debug@4.3.5 want: 2.1.2
900 silly placeDep ROOT foreground-child@3.2.1 OK for: glob@10.4.2 want: ^3.1.0
901 silly placeDep ROOT jackspeak@3.4.0 OK for: glob@10.4.2 want: ^3.1.2
902 silly placeDep node_modules/js-beautify minimatch@9.0.5 OK for: glob@10.4.2 want: ^9.0.4
903 silly placeDep node_modules/js-beautify minipass@7.1.2 OK for: glob@10.4.2 want: ^7.1.2
904 silly placeDep ROOT package-json-from-dist@1.0.0 OK for: glob@10.4.2 want: ^1.0.0
905 silly placeDep ROOT path-scurry@1.11.1 OK for: glob@10.4.2 want: ^1.11.1
906 silly fetch manifest cross-spawn@^7.0.0
907 silly fetch manifest signal-exit@^4.0.1
908 silly fetch manifest @isaacs/cliui@^8.0.2
909 silly fetch manifest @pkgjs/parseargs@^0.11.0
910 silly fetch manifest lru-cache@^10.2.0
911 http fetch GET 200 https://registry.npmjs.org/cross-spawn 118ms (cache miss)
912 http fetch GET 200 https://registry.npmjs.org/@isaacs%2fcliui 137ms (cache miss)
913 http fetch GET 200 https://registry.npmjs.org/@pkgjs%2fparseargs 156ms (cache miss)
914 silly placeDep ROOT cross-spawn@7.0.3 OK for: foreground-child@3.2.1 want: ^7.0.0
915 silly placeDep node_modules/foreground-child signal-exit@4.1.0 OK for: foreground-child@3.2.1 want: ^4.0.1
916 silly fetch manifest path-key@^3.1.0
917 silly fetch manifest shebang-command@^2.0.0
918 silly fetch manifest which@^2.0.1
919 http fetch GET 200 https://registry.npmjs.org/path-key 115ms (cache miss)
920 http fetch GET 200 https://registry.npmjs.org/shebang-command 116ms (cache miss)
921 http fetch GET 200 https://registry.npmjs.org/which 116ms (cache miss)
922 silly placeDep ROOT path-key@3.1.1 OK for: cross-spawn@7.0.3 want: ^3.1.0
923 silly placeDep ROOT shebang-command@2.0.0 OK for: cross-spawn@7.0.3 want: ^2.0.0
924 silly placeDep ROOT which@2.0.2 OK for: cross-spawn@7.0.3 want: ^2.0.1
925 silly fetch manifest shebang-regex@^3.0.0
926 silly fetch manifest isexe@^2.0.0
927 http fetch GET 200 https://registry.npmjs.org/shebang-regex 95ms (cache miss)
928 http fetch GET 200 https://registry.npmjs.org/isexe 121ms (cache miss)
929 silly placeDep ROOT @isaacs/cliui@8.0.2 OK for: jackspeak@3.4.0 want: ^8.0.2
930 silly placeDep ROOT @pkgjs/parseargs@0.11.0 OK for: jackspeak@3.4.0 want: ^0.11.0
931 silly fetch manifest string-width@^5.1.2
932 silly fetch manifest string-width-cjs@npm:string-width@^4.2.0
933 silly fetch manifest strip-ansi@^7.0.1
934 silly fetch manifest strip-ansi-cjs@npm:strip-ansi@^6.0.1
935 silly fetch manifest wrap-ansi@^8.1.0
936 silly fetch manifest wrap-ansi-cjs@npm:wrap-ansi@^7.0.0
937 silly placeDep node_modules/@isaacs/cliui string-width@5.1.2 OK for: @isaacs/cliui@8.0.2 want: ^5.1.2
938 silly placeDep ROOT string-width-cjs@4.2.3 OK for: @isaacs/cliui@8.0.2 want: npm:string-width@^4.2.0
939 silly placeDep node_modules/@isaacs/cliui strip-ansi@7.1.0 OK for: @isaacs/cliui@8.0.2 want: ^7.0.1
940 silly placeDep ROOT strip-ansi-cjs@6.0.1 OK for: @isaacs/cliui@8.0.2 want: npm:strip-ansi@^6.0.1
941 silly placeDep node_modules/@isaacs/cliui wrap-ansi@8.1.0 OK for: @isaacs/cliui@8.0.2 want: ^8.1.0
942 silly placeDep ROOT wrap-ansi-cjs@7.0.0 OK for: @isaacs/cliui@8.0.2 want: npm:wrap-ansi@^7.0.0
943 silly fetch manifest eastasianwidth@^0.2.0
944 silly fetch manifest emoji-regex@^9.2.2
945 silly fetch manifest ansi-regex@^6.0.1
946 silly fetch manifest ansi-styles@^6.1.0
947 http fetch GET 200 https://registry.npmjs.org/eastasianwidth 100ms (cache miss)
948 silly placeDep node_modules/path-scurry lru-cache@10.2.2 OK for: path-scurry@1.11.1 want: ^10.2.0
949 silly placeDep ROOT shebang-regex@3.0.0 OK for: shebang-command@2.0.0 want: ^3.0.0
950 silly placeDep ROOT isexe@2.0.0 OK for: which@2.0.2 want: ^2.0.0
951 silly placeDep ROOT eastasianwidth@0.2.0 OK for: string-width@5.1.2 want: ^0.2.0
952 silly placeDep node_modules/@isaacs/cliui emoji-regex@9.2.2 OK for: string-width@5.1.2 want: ^9.2.2
953 silly placeDep node_modules/@isaacs/cliui ansi-regex@6.0.1 OK for: strip-ansi@7.1.0 want: ^6.0.1
954 silly placeDep node_modules/@isaacs/cliui ansi-styles@6.2.1 OK for: wrap-ansi@8.1.0 want: ^6.1.0
955 silly placeDep node_modules/js-beautify brace-expansion@2.0.1 OK for: minimatch@9.0.5 want: ^2.0.1
956 silly placeDep node_modules/js-beautify abbrev@2.0.0 OK for: nopt@7.2.1 want: ^2.0.0
957 silly placeDep node_modules/nodemon ms@2.1.2 OK for: debug@4.3.5 want: 2.1.2
958 silly placeDep node_modules/sequelize ms@2.1.2 OK for: debug@4.3.5 want: 2.1.2
959 silly audit bulk request {
959 silly audit   'users-service': [ '1.0.0' ],
959 silly audit   '@types/bcrypt': [ '5.0.2' ],
959 silly audit   '@types/body-parser': [ '1.19.5' ],
959 silly audit   '@types/express': [ '4.17.21' ],
959 silly audit   '@types/jsonwebtoken': [ '9.0.6' ],
959 silly audit   '@types/node': [ '20.14.9' ],
959 silly audit   bcrypt: [ '5.1.1' ],
959 silly audit   dotenv: [ '16.4.5' ],
959 silly audit   express: [ '4.19.2' ],
959 silly audit   jsonwebtoken: [ '9.0.2' ],
959 silly audit   mysql2: [ '3.10.1' ],
959 silly audit   nodemon: [ '3.1.4' ],
959 silly audit   pg: [ '8.12.0' ],
959 silly audit   'pg-hstore': [ '2.3.4' ],
959 silly audit   sequelize: [ '6.37.3' ],
959 silly audit   'sequelize-cli': [ '6.6.2' ],
959 silly audit   'sequelize-typescript': [ '2.1.6' ],
959 silly audit   '@types/validator': [ '13.12.0' ],
959 silly audit   'reflect-metadata': [ '0.2.2' ],
959 silly audit   'ts-node': [ '10.9.2' ],
959 silly audit   typescript: [ '5.5.2' ],
959 silly audit   '@types/connect': [ '3.4.38' ],
959 silly audit   '@types/express-serve-static-core': [ '4.19.5' ],
959 silly audit   '@types/qs': [ '6.9.15' ],
959 silly audit   '@types/serve-static': [ '1.15.7' ],
959 silly audit   '@types/range-parser': [ '1.2.7' ],
959 silly audit   '@types/send': [ '0.17.4' ],
959 silly audit   'undici-types': [ '5.26.5' ],
959 silly audit   '@types/mime': [ '1.3.5' ],
959 silly audit   '@types/http-errors': [ '2.0.4' ],
959 silly audit   '@mapbox/node-pre-gyp': [ '1.0.11' ],
959 silly audit   'node-addon-api': [ '5.1.0' ],
959 silly audit   'detect-libc': [ '2.0.3' ],
959 silly audit   'https-proxy-agent': [ '5.0.1' ],
959 silly audit   'make-dir': [ '3.1.0' ],
959 silly audit   'node-fetch': [ '2.7.0' ],
959 silly audit   nopt: [ '5.0.0', '7.2.1' ],
959 silly audit   npmlog: [ '5.0.1' ],
959 silly audit   rimraf: [ '3.0.2' ],
959 silly audit   semver: [ '7.6.2', '6.3.1' ],
959 silly audit   tar: [ '6.2.1' ],
959 silly audit   accepts: [ '1.3.8' ],
959 silly audit   'array-flatten': [ '1.1.1' ],
959 silly audit   'body-parser': [ '1.20.2' ],
959 silly audit   'content-disposition': [ '0.5.4' ],
959 silly audit   'content-type': [ '1.0.5' ],
959 silly audit   cookie: [ '0.6.0' ],
959 silly audit   'cookie-signature': [ '1.0.6' ],
959 silly audit   debug: [ '2.6.9', '4.3.5' ],
959 silly audit   depd: [ '2.0.0' ],
959 silly audit   encodeurl: [ '1.0.2' ],
959 silly audit   'escape-html': [ '1.0.3' ],
959 silly audit   etag: [ '1.8.1' ],
959 silly audit   finalhandler: [ '1.2.0' ],
959 silly audit   fresh: [ '0.5.2' ],
959 silly audit   'http-errors': [ '2.0.0' ],
959 silly audit   'merge-descriptors': [ '1.0.1' ],
959 silly audit   methods: [ '1.1.2' ],
959 silly audit   'on-finished': [ '2.4.1' ],
959 silly audit   parseurl: [ '1.3.3' ],
959 silly audit   'path-to-regexp': [ '0.1.7' ],
959 silly audit   'proxy-addr': [ '2.0.7' ],
959 silly audit   qs: [ '6.11.0' ],
959 silly audit   'range-parser': [ '1.2.1' ],
959 silly audit   'safe-buffer': [ '5.2.1' ],
959 silly audit   send: [ '0.18.0' ],
959 silly audit   'serve-static': [ '1.15.0' ],
959 silly audit   setprototypeof: [ '1.2.0' ],
959 silly audit   statuses: [ '2.0.1' ],
959 silly audit   'type-is': [ '1.6.18' ],
959 silly audit   'utils-merge': [ '1.0.1' ],
959 silly audit   vary: [ '1.1.2' ],
959 silly audit   'mime-types': [ '2.1.35' ],
959 silly audit   negotiator: [ '0.6.3' ],
959 silly audit   bytes: [ '3.1.2' ],
959 silly audit   destroy: [ '1.2.0' ],
959 silly audit   'iconv-lite': [ '0.4.24', '0.6.3' ],
959 silly audit   'raw-body': [ '2.5.2' ],
959 silly audit   unpipe: [ '1.0.0' ],
959 silly audit   ms: [ '2.0.0', '2.1.3', '2.1.2' ],
959 silly audit   inherits: [ '2.0.4' ],
959 silly audit   toidentifier: [ '1.0.1' ],
959 silly audit   'agent-base': [ '6.0.2' ],
959 silly audit   'safer-buffer': [ '2.1.2' ],
959 silly audit   jws: [ '3.2.2' ],
959 silly audit   'lodash.includes': [ '4.3.0' ],
959 silly audit   'lodash.isboolean': [ '3.0.3' ],
959 silly audit   'lodash.isinteger': [ '4.0.4' ],
959 silly audit   'lodash.isnumber': [ '3.0.3' ],
959 silly audit   'lodash.isplainobject': [ '4.0.6' ],
959 silly audit   'lodash.isstring': [ '4.0.1' ],
959 silly audit   'lodash.once': [ '4.1.1' ],
959 silly audit   jwa: [ '1.4.1' ],
959 silly audit   'buffer-equal-constant-time': [ '1.0.1' ],
959 silly audit   'ecdsa-sig-formatter': [ '1.0.11' ],
959 silly audit   'mime-db': [ '1.52.0' ],
959 silly audit   denque: [ '2.1.0' ],
959 silly audit   'generate-function': [ '2.3.1' ],
959 silly audit   long: [ '5.2.3' ],
959 silly audit   'lru-cache': [ '8.0.5', '7.18.3', '10.2.2' ],
959 silly audit   'named-placeholders': [ '1.1.3' ],
959 silly audit   'seq-queue': [ '0.0.5' ],
959 silly audit   sqlstring: [ '2.3.3' ],
959 silly audit   'is-property': [ '1.0.2' ],
959 silly audit   'whatwg-url': [ '5.0.0' ],
959 silly audit   chokidar: [ '3.6.0' ],
959 silly audit   'ignore-by-default': [ '1.0.1' ],
959 silly audit   minimatch: [ '3.1.2', '9.0.1', '9.0.5' ],
959 silly audit   'pstree.remy': [ '1.1.8' ],
959 silly audit   'simple-update-notifier': [ '2.0.0' ],
959 silly audit   'supports-color': [ '5.5.0' ],
959 silly audit   touch: [ '3.1.1' ],
959 silly audit   undefsafe: [ '2.0.5' ],
959 silly audit   anymatch: [ '3.1.3' ],
959 silly audit   braces: [ '3.0.3' ],
959 silly audit   fsevents: [ '2.3.3' ],
959 silly audit   'glob-parent': [ '5.1.2' ],
959 silly audit   'is-binary-path': [ '2.1.0' ],
959 silly audit   'is-glob': [ '4.0.3' ],
959 silly audit   'normalize-path': [ '3.0.0' ],
959 silly audit   readdirp: [ '3.6.0' ],
959 silly audit   picomatch: [ '2.3.1' ],
959 silly audit   'fill-range': [ '7.1.1' ],
959 silly audit   'to-regex-range': [ '5.0.1' ],
959 silly audit   'binary-extensions': [ '2.3.0' ],
959 silly audit   'is-extglob': [ '2.1.1' ],
959 silly audit   'brace-expansion': [ '1.1.11', '2.0.1' ],
959 silly audit   'balanced-match': [ '1.0.2' ],
959 silly audit   'concat-map': [ '0.0.1' ],
959 silly audit   abbrev: [ '1.1.1', '2.0.0' ],
959 silly audit   'are-we-there-yet': [ '2.0.0' ],
959 silly audit   'console-control-strings': [ '1.1.0' ],
959 silly audit   gauge: [ '3.0.2' ],
959 silly audit   'set-blocking': [ '2.0.0' ],
959 silly audit   delegates: [ '1.0.0' ],
959 silly audit   'readable-stream': [ '3.6.2' ],
959 silly audit   aproba: [ '2.0.0' ],
959 silly audit   'color-support': [ '1.1.3' ],
959 silly audit   'has-unicode': [ '2.0.1' ],
959 silly audit   'object-assign': [ '4.1.1' ],
959 silly audit   'signal-exit': [ '3.0.7', '4.1.0' ],
959 silly audit   'string-width': [ '4.2.3', '5.1.2' ],
959 silly audit   'strip-ansi': [ '6.0.1', '7.1.0' ],
959 silly audit   'wide-align': [ '1.1.5' ],
959 silly audit   'ee-first': [ '1.1.1' ],
959 silly audit   'pg-cloudflare': [ '1.1.1' ],
959 silly audit   'pg-connection-string': [ '2.6.4' ],
959 silly audit   'pg-pool': [ '3.6.2' ],
959 silly audit   'pg-protocol': [ '1.6.1' ],
959 silly audit   'pg-types': [ '2.2.0' ],
959 silly audit   pgpass: [ '1.0.5' ],
959 silly audit   underscore: [ '1.13.6' ],
959 silly audit   'pg-int8': [ '1.0.1' ],
959 silly audit   'postgres-array': [ '2.0.0' ],
959 silly audit   'postgres-bytea': [ '1.0.0' ],
959 silly audit   'postgres-date': [ '1.0.7' ],
959 silly audit   'postgres-interval': [ '1.2.0' ],
959 silly audit   split2: [ '4.2.0' ],
959 silly audit   xtend: [ '4.0.2' ],
959 silly audit   forwarded: [ '0.2.0' ],
959 silly audit   'ipaddr.js': [ '1.9.1' ],
959 silly audit   'side-channel': [ '1.0.6' ],
959 silly audit   string_decoder: [ '1.3.0' ],
959 silly audit   'util-deprecate': [ '1.0.2' ],
959 silly audit   glob: [ '7.2.3', '10.4.2', '7.2.0' ],
959 silly audit   'fs.realpath': [ '1.0.0' ],
959 silly audit   inflight: [ '1.0.6' ],
959 silly audit   once: [ '1.4.0' ],
959 silly audit   'path-is-absolute': [ '1.0.1' ],
959 silly audit   wrappy: [ '1.0.2' ],
959 silly audit   mime: [ '1.6.0' ],
959 silly audit   '@types/debug': [ '4.1.12' ],
959 silly audit   dottie: [ '2.0.6' ],
959 silly audit   inflection: [ '1.13.4' ],
959 silly audit   lodash: [ '4.17.21' ],
959 silly audit   moment: [ '2.30.1' ],
959 silly audit   'moment-timezone': [ '0.5.45' ],
959 silly audit   'retry-as-promised': [ '7.0.4' ],
959 silly audit   'sequelize-pool': [ '7.1.0' ],
959 silly audit   'toposort-class': [ '1.0.1' ],
959 silly audit   uuid: [ '8.3.2' ],
959 silly audit   validator: [ '13.12.0' ],
959 silly audit   wkx: [ '0.5.0' ],
959 silly audit   '@types/ms': [ '0.7.34' ],
959 silly audit   'cli-color': [ '2.0.4' ],
959 silly audit   'fs-extra': [ '9.1.0' ],
959 silly audit   'js-beautify': [ '1.15.1' ],
959 silly audit   resolve: [ '1.22.8' ],
959 silly audit   umzug: [ '2.3.0' ],
959 silly audit   yargs: [ '16.2.0' ],
959 silly audit   d: [ '1.0.2' ],
959 silly audit   'es5-ext': [ '0.10.64' ],
959 silly audit   'es6-iterator': [ '2.0.3' ],
959 silly audit   memoizee: [ '0.4.17' ],
959 silly audit   'timers-ext': [ '0.1.8' ],
959 silly audit   type: [ '2.7.3' ],
959 silly audit   'es6-symbol': [ '3.1.4' ],
959 silly audit   esniff: [ '2.0.1' ],
959 silly audit   'next-tick': [ '1.1.0' ],
959 silly audit   ext: [ '1.7.0' ],
959 silly audit   'event-emitter': [ '0.3.5' ],
959 silly audit   'at-least-node': [ '1.0.0' ],
959 silly audit   'graceful-fs': [ '4.2.11' ],
959 silly audit   jsonfile: [ '6.1.0' ],
959 silly audit   universalify: [ '2.0.1' ],
959 silly audit   'config-chain': [ '1.1.13' ],
959 silly audit   editorconfig: [ '1.0.4' ],
959 silly audit   'js-cookie': [ '3.0.5' ],
959 silly audit   ini: [ '1.3.8' ],
959 silly audit   'proto-list': [ '1.2.4' ],
959 silly audit   '@one-ini/wasm': [ '0.1.1' ],
959 silly audit   commander: [ '10.0.1' ],
959 silly audit   'es6-weak-map': [ '2.0.3' ],
959 silly audit   'is-promise': [ '2.2.2' ],
959 silly audit   'lru-queue': [ '0.1.0' ],
959 silly audit   'is-core-module': [ '2.14.0' ],
959 silly audit   'path-parse': [ '1.0.7' ],
959 silly audit   'supports-preserve-symlinks-flag': [ '1.0.0' ],
959 silly audit   hasown: [ '2.0.2' ],
959 silly audit   'function-bind': [ '1.1.2' ],
959 silly audit   'call-bind': [ '1.0.7' ],
959 silly audit   'es-errors': [ '1.3.0' ],
959 silly audit   'get-intrinsic': [ '1.2.4' ],
959 silly audit   'object-inspect': [ '1.13.2' ],
959 silly audit   'es-define-property': [ '1.0.0' ],
959 silly audit   'set-function-length': [ '1.2.2' ],
959 silly audit   'has-proto': [ '1.0.3' ],
959 silly audit   'has-symbols': [ '1.0.3' ],
959 silly audit   'define-data-property': [ '1.1.4' ],
959 silly audit   gopd: [ '1.0.1' ],
959 silly audit   'has-property-descriptors': [ '1.0.2' ],
959 silly audit   'emoji-regex': [ '8.0.0', '9.2.2' ],
959 silly audit   'is-fullwidth-code-point': [ '3.0.0' ],
959 silly audit   'ansi-regex': [ '5.0.1', '6.0.1' ],
959 silly audit   'has-flag': [ '3.0.0' ],
959 silly audit   chownr: [ '2.0.0' ],
959 silly audit   'fs-minipass': [ '2.1.0' ],
959 silly audit   minipass: [ '5.0.0', '3.3.6', '7.1.2' ],
959 silly audit   minizlib: [ '2.1.2' ],
959 silly audit   mkdirp: [ '1.0.4' ],
959 silly audit   yallist: [ '4.0.0' ],
959 silly audit   'is-number': [ '7.0.0' ],
959 silly audit   '@cspotcode/source-map-support': [ '0.8.1' ],
959 silly audit   '@tsconfig/node10': [ '1.0.11' ],
959 silly audit   '@tsconfig/node12': [ '1.0.11' ],
959 silly audit   '@tsconfig/node14': [ '1.0.3' ],
959 silly audit   '@tsconfig/node16': [ '1.0.4' ],
959 silly audit   acorn: [ '8.12.0' ],
959 silly audit   'acorn-walk': [ '8.3.3' ],
959 silly audit   arg: [ '4.1.3' ],
959 silly audit   'create-require': [ '1.1.1' ],
959 silly audit   diff: [ '4.0.2' ],
959 silly audit   'make-error': [ '1.3.6' ],
959 silly audit   'v8-compile-cache-lib': [ '3.0.1' ],
959 silly audit   yn: [ '3.1.1' ],
959 silly audit   '@jridgewell/trace-mapping': [ '0.3.9' ],
959 silly audit   '@jridgewell/resolve-uri': [ '3.1.2' ],
959 silly audit   '@jridgewell/sourcemap-codec': [ '1.4.15' ],
959 silly audit   'media-typer': [ '0.3.0' ],
959 silly audit   bluebird: [ '3.7.2' ],
959 silly audit   tr46: [ '0.0.3' ],
959 silly audit   'webidl-conversions': [ '3.0.1' ],
959 silly audit   cliui: [ '7.0.4' ],
959 silly audit   escalade: [ '3.1.2' ],
959 silly audit   'get-caller-file': [ '2.0.5' ],
959 silly audit   'require-directory': [ '2.1.1' ],
959 silly audit   y18n: [ '5.0.8' ],
959 silly audit   'yargs-parser': [ '20.2.9' ],
959 silly audit   'wrap-ansi': [ '7.0.0', '8.1.0' ],
959 silly audit   'ansi-styles': [ '4.3.0', '6.2.1' ],
959 silly audit   'color-convert': [ '2.0.1' ],
959 silly audit   'color-name': [ '1.1.4' ],
959 silly audit   'foreground-child': [ '3.2.1' ],
959 silly audit   jackspeak: [ '3.4.0' ],
959 silly audit   'package-json-from-dist': [ '1.0.0' ],
959 silly audit   'path-scurry': [ '1.11.1' ],
959 silly audit   'cross-spawn': [ '7.0.3' ],
959 silly audit   'path-key': [ '3.1.1' ],
959 silly audit   'shebang-command': [ '2.0.0' ],
959 silly audit   which: [ '2.0.2' ],
959 silly audit   '@isaacs/cliui': [ '8.0.2' ],
959 silly audit   '@pkgjs/parseargs': [ '0.11.0' ],
959 silly audit   'shebang-regex': [ '3.0.0' ],
959 silly audit   isexe: [ '2.0.0' ],
959 silly audit   eastasianwidth: [ '0.2.0' ]
959 silly audit }
960 http fetch POST 200 https://registry.npmjs.org/-/npm/v1/security/advisories/bulk 211ms
961 silly audit report {}
962 verbose exit 0
963 info ok
