0 verbose cli C:\Program Files\nodejs\node.exe C:\Users\andro\AppData\Roaming\npm\node_modules\npm\bin\npm-cli.js
1 info using npm@10.7.0
2 info using node@v20.12.2
3 silly config:load:file:C:\Users\andro\AppData\Roaming\npm\node_modules\npm\npmrc
4 silly config:load:file:c:\Users\andro\Documents\PROJECT-INTEGRADOR\SERVICE-USERS\.npmrc
5 silly config:load:file:C:\Users\andro\.npmrc
6 silly config:load:file:C:\Users\andro\AppData\Roaming\npm\etc\npmrc
7 verbose title npm install @types/express
8 verbose argv "install" "--ignore-scripts" "@types/express" "--save-dev" "--user-agent" "typesInstaller/5.4.5"
9 verbose logfile logs-max:10 dir:c:\Users\andro\Documents\PROJECT-INTEGRADOR\SERVICE-USERS\npm-cache\_logs\2024-06-27T20_01_49_982Z-
10 verbose logfile c:\Users\andro\Documents\PROJECT-INTEGRADOR\SERVICE-USERS\npm-cache\_logs\2024-06-27T20_01_49_982Z-debug-0.log
11 silly logfile done cleaning log files
12 silly idealTree buildDeps
13 silly fetch manifest @types/express@*
14 http fetch GET 200 https://registry.npmjs.org/@types%2fexpress 449ms (cache miss)
15 silly placeDep ROOT @types/express@4.17.21 OK for: users-service@1.0.0 want: *
16 silly fetch manifest @types/qs@*
17 silly fetch manifest @types/body-parser@*
18 silly fetch manifest @types/serve-static@*
19 silly fetch manifest @types/express-serve-static-core@^4.17.33
20 http fetch GET 200 https://registry.npmjs.org/@types%2fqs 159ms (cache miss)
21 http fetch GET 200 https://registry.npmjs.org/@types%2fserve-static 365ms (cache miss)
22 http fetch GET 200 https://registry.npmjs.org/@types%2fbody-parser 369ms (cache miss)
23 http fetch GET 200 https://registry.npmjs.org/@types%2fexpress-serve-static-core 399ms (cache miss)
24 silly placeDep ROOT @types/body-parser@1.19.5 OK for: @types/express@4.17.21 want: *
25 silly placeDep ROOT @types/express-serve-static-core@4.19.5 OK for: @types/express@4.17.21 want: ^4.17.33
26 silly placeDep ROOT @types/qs@6.9.15 OK for: @types/express@4.17.21 want: *
27 silly placeDep ROOT @types/serve-static@1.15.7 OK for: @types/express@4.17.21 want: *
28 silly fetch manifest @types/connect@*
29 silly fetch manifest @types/send@*
30 silly fetch manifest @types/range-parser@*
31 silly fetch manifest @types/http-errors@*
32 http fetch GET 200 https://registry.npmjs.org/@types%2fsend 163ms (cache miss)
33 http fetch GET 200 https://registry.npmjs.org/@types%2fhttp-errors 164ms (cache miss)
34 http fetch GET 200 https://registry.npmjs.org/@types%2frange-parser 167ms (cache miss)
35 http fetch GET 200 https://registry.npmjs.org/@types%2fconnect 171ms (cache miss)
36 silly placeDep ROOT @types/connect@3.4.38 OK for: @types/body-parser@1.19.5 want: *
37 silly placeDep ROOT @types/range-parser@1.2.7 OK for: @types/express-serve-static-core@4.19.5 want: *
38 silly placeDep ROOT @types/send@0.17.4 OK for: @types/express-serve-static-core@4.19.5 want: *
39 silly fetch manifest @types/mime@^1
40 http fetch GET 200 https://registry.npmjs.org/@types%2fmime 157ms (cache miss)
41 silly placeDep ROOT @types/mime@1.3.5 OK for: @types/send@0.17.4 want: ^1
42 silly placeDep ROOT @types/http-errors@2.0.4 OK for: @types/serve-static@1.15.7 want: *
43 silly reify moves {}
44 silly audit bulk request {
44 silly audit   '@cspotcode/source-map-support': [ '0.8.1' ],
44 silly audit   '@isaacs/cliui': [ '8.0.2' ],
44 silly audit   'ansi-regex': [ '6.0.1', '5.0.1' ],
44 silly audit   'ansi-styles': [ '6.2.1', '4.3.0' ],
44 silly audit   'emoji-regex': [ '9.2.2', '8.0.0' ],
44 silly audit   'string-width': [ '5.1.2', '4.2.3' ],
44 silly audit   'strip-ansi': [ '7.1.0', '6.0.1' ],
44 silly audit   'wrap-ansi': [ '8.1.0', '7.0.0' ],
44 silly audit   '@jridgewell/resolve-uri': [ '3.1.2' ],
44 silly audit   '@jridgewell/sourcemap-codec': [ '1.4.15' ],
44 silly audit   '@jridgewell/trace-mapping': [ '0.3.9' ],
44 silly audit   '@mapbox/node-pre-gyp': [ '1.0.11' ],
44 silly audit   '@one-ini/wasm': [ '0.1.1' ],
44 silly audit   '@pkgjs/parseargs': [ '0.11.0' ],
44 silly audit   '@tsconfig/node10': [ '1.0.11' ],
44 silly audit   '@tsconfig/node12': [ '1.0.11' ],
44 silly audit   '@tsconfig/node14': [ '1.0.3' ],
44 silly audit   '@tsconfig/node16': [ '1.0.4' ],
44 silly audit   '@types/debug': [ '4.1.12' ],
44 silly audit   '@types/ms': [ '0.7.34' ],
44 silly audit   '@types/node': [ '20.14.9' ],
44 silly audit   '@types/validator': [ '13.12.0' ],
44 silly audit   abbrev: [ '1.1.1', '2.0.0' ],
44 silly audit   accepts: [ '1.3.8' ],
44 silly audit   acorn: [ '8.12.0' ],
44 silly audit   'acorn-walk': [ '8.3.3' ],
44 silly audit   'agent-base': [ '6.0.2' ],
44 silly audit   debug: [ '4.3.5', '2.6.9' ],
44 silly audit   ms: [ '2.1.2', '2.1.3', '2.0.0' ],
44 silly audit   aproba: [ '2.0.0' ],
44 silly audit   'are-we-there-yet': [ '2.0.0' ],
44 silly audit   arg: [ '4.1.3' ],
44 silly audit   'array-flatten': [ '1.1.1' ],
44 silly audit   'at-least-node': [ '1.0.0' ],
44 silly audit   'balanced-match': [ '1.0.2' ],
44 silly audit   bcrypt: [ '5.1.1' ],
44 silly audit   bluebird: [ '3.7.2' ],
44 silly audit   'body-parser': [ '1.20.2' ],
44 silly audit   'brace-expansion': [ '1.1.11', '2.0.1' ],
44 silly audit   'buffer-equal-constant-time': [ '1.0.1' ],
44 silly audit   bytes: [ '3.1.2' ],
44 silly audit   'call-bind': [ '1.0.7' ],
44 silly audit   chownr: [ '2.0.0' ],
44 silly audit   'cli-color': [ '2.0.4' ],
44 silly audit   cliui: [ '7.0.4' ],
44 silly audit   'color-convert': [ '2.0.1' ],
44 silly audit   'color-name': [ '1.1.4' ],
44 silly audit   'color-support': [ '1.1.3' ],
44 silly audit   commander: [ '10.0.1' ],
44 silly audit   'concat-map': [ '0.0.1' ],
44 silly audit   'config-chain': [ '1.1.13' ],
44 silly audit   'console-control-strings': [ '1.1.0' ],
44 silly audit   'content-disposition': [ '0.5.4' ],
44 silly audit   'content-type': [ '1.0.5' ],
44 silly audit   cookie: [ '0.6.0' ],
44 silly audit   'cookie-signature': [ '1.0.6' ],
44 silly audit   'create-require': [ '1.1.1' ],
44 silly audit   'cross-spawn': [ '7.0.3' ],
44 silly audit   d: [ '1.0.2' ],
44 silly audit   'define-data-property': [ '1.1.4' ],
44 silly audit   delegates: [ '1.0.0' ],
44 silly audit   denque: [ '2.1.0' ],
44 silly audit   depd: [ '2.0.0' ],
44 silly audit   destroy: [ '1.2.0' ],
44 silly audit   'detect-libc': [ '2.0.3' ],
44 silly audit   diff: [ '4.0.2' ],
44 silly audit   dotenv: [ '16.4.5' ],
44 silly audit   dottie: [ '2.0.6' ],
44 silly audit   eastasianwidth: [ '0.2.0' ],
44 silly audit   'ecdsa-sig-formatter': [ '1.0.11' ],
44 silly audit   editorconfig: [ '1.0.4' ],
44 silly audit   minimatch: [ '9.0.1', '9.0.5', '3.1.2' ],
44 silly audit   'ee-first': [ '1.1.1' ],
44 silly audit   encodeurl: [ '1.0.2' ],
44 silly audit   'es-define-property': [ '1.0.0' ],
44 silly audit   'es-errors': [ '1.3.0' ],
44 silly audit   'es5-ext': [ '0.10.64' ],
44 silly audit   'es6-iterator': [ '2.0.3' ],
44 silly audit   'es6-symbol': [ '3.1.4' ],
44 silly audit   'es6-weak-map': [ '2.0.3' ],
44 silly audit   escalade: [ '3.1.2' ],
44 silly audit   'escape-html': [ '1.0.3' ],
44 silly audit   esniff: [ '2.0.1' ],
44 silly audit   etag: [ '1.8.1' ],
44 silly audit   'event-emitter': [ '0.3.5' ],
44 silly audit   express: [ '4.19.2' ],
44 silly audit   ext: [ '1.7.0' ],
44 silly audit   finalhandler: [ '1.2.0' ],
44 silly audit   'foreground-child': [ '3.2.1' ],
44 silly audit   'signal-exit': [ '4.1.0', '3.0.7' ],
44 silly audit   forwarded: [ '0.2.0' ],
44 silly audit   fresh: [ '0.5.2' ],
44 silly audit   'fs-extra': [ '9.1.0' ],
44 silly audit   'fs-minipass': [ '2.1.0' ],
44 silly audit   minipass: [ '3.3.6', '7.1.2', '5.0.0' ],
44 silly audit   'fs.realpath': [ '1.0.0' ],
44 silly audit   'function-bind': [ '1.1.2' ],
44 silly audit   gauge: [ '3.0.2' ],
44 silly audit   'generate-function': [ '2.3.1' ],
44 silly audit   'get-caller-file': [ '2.0.5' ],
44 silly audit   'get-intrinsic': [ '1.2.4' ],
44 silly audit   glob: [ '7.2.3', '10.4.2', '7.2.0' ],
44 silly audit   gopd: [ '1.0.1' ],
44 silly audit   'graceful-fs': [ '4.2.11' ],
44 silly audit   'has-property-descriptors': [ '1.0.2' ],
44 silly audit   'has-proto': [ '1.0.3' ],
44 silly audit   'has-symbols': [ '1.0.3' ],
44 silly audit   'has-unicode': [ '2.0.1' ],
44 silly audit   hasown: [ '2.0.2' ],
44 silly audit   'http-errors': [ '2.0.0' ],
44 silly audit   'https-proxy-agent': [ '5.0.1' ],
44 silly audit   'iconv-lite': [ '0.4.24', '0.6.3' ],
44 silly audit   inflection: [ '1.13.4' ],
44 silly audit   inflight: [ '1.0.6' ],
44 silly audit   inherits: [ '2.0.4' ],
44 silly audit   ini: [ '1.3.8' ],
44 silly audit   'ipaddr.js': [ '1.9.1' ],
44 silly audit   'is-core-module': [ '2.14.0' ],
44 silly audit   'is-fullwidth-code-point': [ '3.0.0' ],
44 silly audit   'is-promise': [ '2.2.2' ],
44 silly audit   'is-property': [ '1.0.2' ],
44 silly audit   isexe: [ '2.0.0' ],
44 silly audit   jackspeak: [ '3.4.0' ],
44 silly audit   'js-beautify': [ '1.15.1' ],
44 silly audit   nopt: [ '7.2.1', '5.0.0' ],
44 silly audit   'js-cookie': [ '3.0.5' ],
44 silly audit   jsonfile: [ '6.1.0' ],
44 silly audit   jsonwebtoken: [ '9.0.2' ],
44 silly audit   jwa: [ '1.4.1' ],
44 silly audit   jws: [ '3.2.2' ],
44 silly audit   lodash: [ '4.17.21' ],
44 silly audit   'lodash.includes': [ '4.3.0' ],
44 silly audit   'lodash.isboolean': [ '3.0.3' ],
44 silly audit   'lodash.isinteger': [ '4.0.4' ],
44 silly audit   'lodash.isnumber': [ '3.0.3' ],
44 silly audit   'lodash.isplainobject': [ '4.0.6' ],
44 silly audit   'lodash.isstring': [ '4.0.1' ],
44 silly audit   'lodash.once': [ '4.1.1' ],
44 silly audit   long: [ '5.2.3' ],
44 silly audit   'lru-cache': [ '10.2.2', '8.0.5', '7.18.3' ],
44 silly audit   'lru-queue': [ '0.1.0' ],
44 silly audit   'make-dir': [ '3.1.0' ],
44 silly audit   semver: [ '6.3.1', '7.6.2' ],
44 silly audit   'make-error': [ '1.3.6' ],
44 silly audit   'media-typer': [ '0.3.0' ],
44 silly audit   memoizee: [ '0.4.17' ],
44 silly audit   'merge-descriptors': [ '1.0.1' ],
44 silly audit   methods: [ '1.1.2' ],
44 silly audit   mime: [ '1.6.0' ],
44 silly audit   'mime-db': [ '1.52.0' ],
44 silly audit   'mime-types': [ '2.1.35' ],
44 silly audit   minizlib: [ '2.1.2' ],
44 silly audit   mkdirp: [ '1.0.4' ],
44 silly audit   moment: [ '2.30.1' ],
44 silly audit   'moment-timezone': [ '0.5.45' ],
44 silly audit   mysql2: [ '3.10.1' ],
44 silly audit   'named-placeholders': [ '1.1.3' ],
44 silly audit   negotiator: [ '0.6.3' ],
44 silly audit   'next-tick': [ '1.1.0' ],
44 silly audit   'node-addon-api': [ '5.1.0' ],
44 silly audit   'node-fetch': [ '2.7.0' ],
44 silly audit   npmlog: [ '5.0.1' ],
44 silly audit   'object-assign': [ '4.1.1' ],
44 silly audit   'object-inspect': [ '1.13.2' ],
44 silly audit   'on-finished': [ '2.4.1' ],
44 silly audit   once: [ '1.4.0' ],
44 silly audit   'package-json-from-dist': [ '1.0.0' ],
44 silly audit   parseurl: [ '1.3.3' ],
44 silly audit   'path-is-absolute': [ '1.0.1' ],
44 silly audit   'path-key': [ '3.1.1' ],
44 silly audit   'path-parse': [ '1.0.7' ],
44 silly audit   'path-scurry': [ '1.11.1' ],
44 silly audit   'path-to-regexp': [ '0.1.7' ],
44 silly audit   pg: [ '8.12.0' ],
44 silly audit   'pg-cloudflare': [ '1.1.1' ],
44 silly audit   'pg-connection-string': [ '2.6.4' ],
44 silly audit   'pg-hstore': [ '2.3.4' ],
44 silly audit   'pg-int8': [ '1.0.1' ],
44 silly audit   'pg-pool': [ '3.6.2' ],
44 silly audit   'pg-protocol': [ '1.6.1' ],
44 silly audit   'pg-types': [ '2.2.0' ],
44 silly audit   pgpass: [ '1.0.5' ],
44 silly audit   'postgres-array': [ '2.0.0' ],
44 silly audit   'postgres-bytea': [ '1.0.0' ],
44 silly audit   'postgres-date': [ '1.0.7' ],
44 silly audit   'postgres-interval': [ '1.2.0' ],
44 silly audit   'proto-list': [ '1.2.4' ],
44 silly audit   'proxy-addr': [ '2.0.7' ],
44 silly audit   qs: [ '6.11.0' ],
44 silly audit   'range-parser': [ '1.2.1' ],
44 silly audit   'raw-body': [ '2.5.2' ],
44 silly audit   'readable-stream': [ '3.6.2' ],
44 silly audit   'reflect-metadata': [ '0.2.2' ],
44 silly audit   'require-directory': [ '2.1.1' ],
44 silly audit   resolve: [ '1.22.8' ],
44 silly audit   'retry-as-promised': [ '7.0.4' ],
44 silly audit   rimraf: [ '3.0.2' ],
44 silly audit   'safe-buffer': [ '5.2.1' ],
44 silly audit   'safer-buffer': [ '2.1.2' ],
44 silly audit   send: [ '0.18.0' ],
44 silly audit   'seq-queue': [ '0.0.5' ],
44 silly audit   sequelize: [ '6.37.3' ],
44 silly audit   'sequelize-cli': [ '6.6.2' ],
44 silly audit   'sequelize-pool': [ '7.1.0' ],
44 silly audit   'sequelize-typescript': [ '2.1.6' ],
44 silly audit   'serve-static': [ '1.15.0' ],
44 silly audit   'set-blocking': [ '2.0.0' ],
44 silly audit   'set-function-length': [ '1.2.2' ],
44 silly audit   setprototypeof: [ '1.2.0' ],
44 silly audit   'shebang-command': [ '2.0.0' ],
44 silly audit   'shebang-regex': [ '3.0.0' ],
44 silly audit   'side-channel': [ '1.0.6' ],
44 silly audit   split2: [ '4.2.0' ],
44 silly audit   sqlstring: [ '2.3.3' ],
44 silly audit   statuses: [ '2.0.1' ],
44 silly audit   string_decoder: [ '1.3.0' ],
44 silly audit   'supports-preserve-symlinks-flag': [ '1.0.0' ],
44 silly audit   tar: [ '6.2.1' ],
44 silly audit   'timers-ext': [ '0.1.8' ],
44 silly audit   toidentifier: [ '1.0.1' ],
44 silly audit   'toposort-class': [ '1.0.1' ],
44 silly audit   tr46: [ '0.0.3' ],
44 silly audit   'ts-node': [ '10.9.2' ],
44 silly audit   type: [ '2.7.3' ],
44 silly audit   'type-is': [ '1.6.18' ],
44 silly audit   typescript: [ '5.5.2' ],
44 silly audit   umzug: [ '2.3.0' ],
44 silly audit   underscore: [ '1.13.6' ],
44 silly audit   'undici-types': [ '5.26.5' ],
44 silly audit   universalify: [ '2.0.1' ],
44 silly audit   unpipe: [ '1.0.0' ],
44 silly audit   'util-deprecate': [ '1.0.2' ],
44 silly audit   'utils-merge': [ '1.0.1' ],
44 silly audit   uuid: [ '8.3.2' ],
44 silly audit   'v8-compile-cache-lib': [ '3.0.1' ],
44 silly audit   validator: [ '13.12.0' ],
44 silly audit   vary: [ '1.1.2' ],
44 silly audit   'webidl-conversions': [ '3.0.1' ],
44 silly audit   'whatwg-url': [ '5.0.0' ],
44 silly audit   which: [ '2.0.2' ],
44 silly audit   'wide-align': [ '1.1.5' ],
44 silly audit   wkx: [ '0.5.0' ],
44 silly audit   wrappy: [ '1.0.2' ],
44 silly audit   xtend: [ '4.0.2' ],
44 silly audit   y18n: [ '5.0.8' ],
44 silly audit   yallist: [ '4.0.0' ],
44 silly audit   yargs: [ '16.2.0' ],
44 silly audit   'yargs-parser': [ '20.2.9' ],
44 silly audit   yn: [ '3.1.1' ],
44 silly audit   '@types/express': [ '4.17.21' ],
44 silly audit   '@types/body-parser': [ '1.19.5' ],
44 silly audit   '@types/express-serve-static-core': [ '4.19.5' ],
44 silly audit   '@types/qs': [ '6.9.15' ],
44 silly audit   '@types/serve-static': [ '1.15.7' ],
44 silly audit   '@types/connect': [ '3.4.38' ],
44 silly audit   '@types/range-parser': [ '1.2.7' ],
44 silly audit   '@types/send': [ '0.17.4' ],
44 silly audit   '@types/mime': [ '1.3.5' ],
44 silly audit   '@types/http-errors': [ '2.0.4' ]
44 silly audit }
45 silly tarball no local data for @types/http-errors@https://registry.npmjs.org/@types/http-errors/-/http-errors-2.0.4.tgz. Extracting by manifest.
46 silly tarball no local data for @types/mime@https://registry.npmjs.org/@types/mime/-/mime-1.3.5.tgz. Extracting by manifest.
47 silly tarball no local data for @types/send@https://registry.npmjs.org/@types/send/-/send-0.17.4.tgz. Extracting by manifest.
48 silly tarball no local data for @types/connect@https://registry.npmjs.org/@types/connect/-/connect-3.4.38.tgz. Extracting by manifest.
49 silly tarball no local data for @types/serve-static@https://registry.npmjs.org/@types/serve-static/-/serve-static-1.15.7.tgz. Extracting by manifest.
50 silly tarball no local data for @types/range-parser@https://registry.npmjs.org/@types/range-parser/-/range-parser-1.2.7.tgz. Extracting by manifest.
51 silly tarball no local data for @types/express-serve-static-core@https://registry.npmjs.org/@types/express-serve-static-core/-/express-serve-static-core-4.19.5.tgz. Extracting by manifest.
52 silly tarball no local data for @types/qs@https://registry.npmjs.org/@types/qs/-/qs-6.9.15.tgz. Extracting by manifest.
53 silly tarball no local data for @types/body-parser@https://registry.npmjs.org/@types/body-parser/-/body-parser-1.19.5.tgz. Extracting by manifest.
54 silly tarball no local data for @types/express@https://registry.npmjs.org/@types/express/-/express-4.17.21.tgz. Extracting by manifest.
55 http fetch GET 200 https://registry.npmjs.org/@types/http-errors/-/http-errors-2.0.4.tgz 171ms (cache miss)
56 http fetch POST 200 https://registry.npmjs.org/-/npm/v1/security/advisories/bulk 194ms
57 silly audit report {}
58 http fetch GET 200 https://registry.npmjs.org/@types/send/-/send-0.17.4.tgz 179ms (cache miss)
59 http fetch GET 200 https://registry.npmjs.org/@types/mime/-/mime-1.3.5.tgz 181ms (cache miss)
60 http fetch GET 200 https://registry.npmjs.org/@types/range-parser/-/range-parser-1.2.7.tgz 383ms (cache miss)
61 http fetch GET 200 https://registry.npmjs.org/@types/connect/-/connect-3.4.38.tgz 385ms (cache miss)
62 http fetch GET 200 https://registry.npmjs.org/@types/serve-static/-/serve-static-1.15.7.tgz 386ms (cache miss)
63 http fetch GET 200 https://registry.npmjs.org/@types/body-parser/-/body-parser-1.19.5.tgz 384ms (cache miss)
64 http fetch GET 200 https://registry.npmjs.org/@types/express/-/express-4.17.21.tgz 384ms (cache miss)
65 http fetch GET 200 https://registry.npmjs.org/@types/qs/-/qs-6.9.15.tgz 385ms (cache miss)
66 http fetch GET 200 https://registry.npmjs.org/@types/express-serve-static-core/-/express-serve-static-core-4.19.5.tgz 390ms (cache miss)
67 silly ADD node_modules/@types/http-errors
68 silly ADD node_modules/@types/mime
69 silly ADD node_modules/@types/send
70 silly ADD node_modules/@types/range-parser
71 silly ADD node_modules/@types/connect
72 silly ADD node_modules/@types/serve-static
73 silly ADD node_modules/@types/qs
74 silly ADD node_modules/@types/express-serve-static-core
75 silly ADD node_modules/@types/body-parser
76 silly ADD node_modules/@types/express
77 verbose exit 0
78 info ok
