0 verbose cli C:\Program Files\nodejs\node.exe C:\Users\andro\AppData\Roaming\npm\node_modules\npm\bin\npm-cli.js
1 info using npm@10.7.0
2 info using node@v20.12.2
3 silly config:load:file:C:\Users\andro\AppData\Roaming\npm\node_modules\npm\npmrc
4 silly config:load:file:C:\Users\andro\Documents\PROJECT-INTEGRADOR\SERVICE-USERS\.npmrc
5 silly config:load:file:C:\Users\andro\.npmrc
6 silly config:load:file:C:\Users\andro\AppData\Roaming\npm\etc\npmrc
7 verbose title npm i
8 verbose argv "i"
9 verbose logfile logs-max:10 dir:C:\Users\andro\Documents\PROJECT-INTEGRADOR\SERVICE-USERS\npm-cache\_logs\2024-06-27T20_01_30_443Z-
10 verbose logfile C:\Users\andro\Documents\PROJECT-INTEGRADOR\SERVICE-USERS\npm-cache\_logs\2024-06-27T20_01_30_443Z-debug-0.log
11 silly logfile done cleaning log files
12 silly idealTree buildDeps
13 verbose shrinkwrap failed to load node_modules/.package-lock.json out of date, updated: node_modules
14 silly reify moves {}
15 silly audit bulk request {
15 silly audit   '@cspotcode/source-map-support': [ '0.8.1' ],
15 silly audit   '@isaacs/cliui': [ '8.0.2' ],
15 silly audit   'ansi-regex': [ '6.0.1', '5.0.1' ],
15 silly audit   'ansi-styles': [ '6.2.1', '4.3.0' ],
15 silly audit   'emoji-regex': [ '9.2.2', '8.0.0' ],
15 silly audit   'string-width': [ '5.1.2', '4.2.3' ],
15 silly audit   'strip-ansi': [ '7.1.0', '6.0.1' ],
15 silly audit   'wrap-ansi': [ '8.1.0', '7.0.0' ],
15 silly audit   '@jridgewell/resolve-uri': [ '3.1.2' ],
15 silly audit   '@jridgewell/sourcemap-codec': [ '1.4.15' ],
15 silly audit   '@jridgewell/trace-mapping': [ '0.3.9' ],
15 silly audit   '@mapbox/node-pre-gyp': [ '1.0.11' ],
15 silly audit   '@one-ini/wasm': [ '0.1.1' ],
15 silly audit   '@pkgjs/parseargs': [ '0.11.0' ],
15 silly audit   '@tsconfig/node10': [ '1.0.11' ],
15 silly audit   '@tsconfig/node12': [ '1.0.11' ],
15 silly audit   '@tsconfig/node14': [ '1.0.3' ],
15 silly audit   '@tsconfig/node16': [ '1.0.4' ],
15 silly audit   '@types/debug': [ '4.1.12' ],
15 silly audit   '@types/ms': [ '0.7.34' ],
15 silly audit   '@types/node': [ '20.14.9' ],
15 silly audit   '@types/validator': [ '13.12.0' ],
15 silly audit   abbrev: [ '1.1.1', '2.0.0' ],
15 silly audit   accepts: [ '1.3.8' ],
15 silly audit   acorn: [ '8.12.0' ],
15 silly audit   'acorn-walk': [ '8.3.3' ],
15 silly audit   'agent-base': [ '6.0.2' ],
15 silly audit   debug: [ '4.3.5', '2.6.9' ],
15 silly audit   ms: [ '2.1.2', '2.1.3', '2.0.0' ],
15 silly audit   aproba: [ '2.0.0' ],
15 silly audit   'are-we-there-yet': [ '2.0.0' ],
15 silly audit   arg: [ '4.1.3' ],
15 silly audit   'array-flatten': [ '1.1.1' ],
15 silly audit   'at-least-node': [ '1.0.0' ],
15 silly audit   'balanced-match': [ '1.0.2' ],
15 silly audit   bcrypt: [ '5.1.1' ],
15 silly audit   bluebird: [ '3.7.2' ],
15 silly audit   'body-parser': [ '1.20.2' ],
15 silly audit   'brace-expansion': [ '1.1.11', '2.0.1' ],
15 silly audit   'buffer-equal-constant-time': [ '1.0.1' ],
15 silly audit   bytes: [ '3.1.2' ],
15 silly audit   'call-bind': [ '1.0.7' ],
15 silly audit   chownr: [ '2.0.0' ],
15 silly audit   'cli-color': [ '2.0.4' ],
15 silly audit   cliui: [ '7.0.4' ],
15 silly audit   'color-convert': [ '2.0.1' ],
15 silly audit   'color-name': [ '1.1.4' ],
15 silly audit   'color-support': [ '1.1.3' ],
15 silly audit   commander: [ '10.0.1' ],
15 silly audit   'concat-map': [ '0.0.1' ],
15 silly audit   'config-chain': [ '1.1.13' ],
15 silly audit   'console-control-strings': [ '1.1.0' ],
15 silly audit   'content-disposition': [ '0.5.4' ],
15 silly audit   'content-type': [ '1.0.5' ],
15 silly audit   cookie: [ '0.6.0' ],
15 silly audit   'cookie-signature': [ '1.0.6' ],
15 silly audit   'create-require': [ '1.1.1' ],
15 silly audit   'cross-spawn': [ '7.0.3' ],
15 silly audit   d: [ '1.0.2' ],
15 silly audit   'define-data-property': [ '1.1.4' ],
15 silly audit   delegates: [ '1.0.0' ],
15 silly audit   denque: [ '2.1.0' ],
15 silly audit   depd: [ '2.0.0' ],
15 silly audit   destroy: [ '1.2.0' ],
15 silly audit   'detect-libc': [ '2.0.3' ],
15 silly audit   diff: [ '4.0.2' ],
15 silly audit   dotenv: [ '16.4.5' ],
15 silly audit   dottie: [ '2.0.6' ],
15 silly audit   eastasianwidth: [ '0.2.0' ],
15 silly audit   'ecdsa-sig-formatter': [ '1.0.11' ],
15 silly audit   editorconfig: [ '1.0.4' ],
15 silly audit   minimatch: [ '9.0.1', '9.0.5', '3.1.2' ],
15 silly audit   'ee-first': [ '1.1.1' ],
15 silly audit   encodeurl: [ '1.0.2' ],
15 silly audit   'es-define-property': [ '1.0.0' ],
15 silly audit   'es-errors': [ '1.3.0' ],
15 silly audit   'es5-ext': [ '0.10.64' ],
15 silly audit   'es6-iterator': [ '2.0.3' ],
15 silly audit   'es6-symbol': [ '3.1.4' ],
15 silly audit   'es6-weak-map': [ '2.0.3' ],
15 silly audit   escalade: [ '3.1.2' ],
15 silly audit   'escape-html': [ '1.0.3' ],
15 silly audit   esniff: [ '2.0.1' ],
15 silly audit   etag: [ '1.8.1' ],
15 silly audit   'event-emitter': [ '0.3.5' ],
15 silly audit   express: [ '4.19.2' ],
15 silly audit   ext: [ '1.7.0' ],
15 silly audit   finalhandler: [ '1.2.0' ],
15 silly audit   'foreground-child': [ '3.2.1' ],
15 silly audit   'signal-exit': [ '4.1.0', '3.0.7' ],
15 silly audit   forwarded: [ '0.2.0' ],
15 silly audit   fresh: [ '0.5.2' ],
15 silly audit   'fs-extra': [ '9.1.0' ],
15 silly audit   'fs-minipass': [ '2.1.0' ],
15 silly audit   minipass: [ '3.3.6', '7.1.2', '5.0.0' ],
15 silly audit   'fs.realpath': [ '1.0.0' ],
15 silly audit   'function-bind': [ '1.1.2' ],
15 silly audit   gauge: [ '3.0.2' ],
15 silly audit   'generate-function': [ '2.3.1' ],
15 silly audit   'get-caller-file': [ '2.0.5' ],
15 silly audit   'get-intrinsic': [ '1.2.4' ],
15 silly audit   glob: [ '7.2.3', '10.4.2', '7.2.0' ],
15 silly audit   gopd: [ '1.0.1' ],
15 silly audit   'graceful-fs': [ '4.2.11' ],
15 silly audit   'has-property-descriptors': [ '1.0.2' ],
15 silly audit   'has-proto': [ '1.0.3' ],
15 silly audit   'has-symbols': [ '1.0.3' ],
15 silly audit   'has-unicode': [ '2.0.1' ],
15 silly audit   hasown: [ '2.0.2' ],
15 silly audit   'http-errors': [ '2.0.0' ],
15 silly audit   'https-proxy-agent': [ '5.0.1' ],
15 silly audit   'iconv-lite': [ '0.4.24', '0.6.3' ],
15 silly audit   inflection: [ '1.13.4' ],
15 silly audit   inflight: [ '1.0.6' ],
15 silly audit   inherits: [ '2.0.4' ],
15 silly audit   ini: [ '1.3.8' ],
15 silly audit   'ipaddr.js': [ '1.9.1' ],
15 silly audit   'is-core-module': [ '2.14.0' ],
15 silly audit   'is-fullwidth-code-point': [ '3.0.0' ],
15 silly audit   'is-promise': [ '2.2.2' ],
15 silly audit   'is-property': [ '1.0.2' ],
15 silly audit   isexe: [ '2.0.0' ],
15 silly audit   jackspeak: [ '3.4.0' ],
15 silly audit   'js-beautify': [ '1.15.1' ],
15 silly audit   nopt: [ '7.2.1', '5.0.0' ],
15 silly audit   'js-cookie': [ '3.0.5' ],
15 silly audit   jsonfile: [ '6.1.0' ],
15 silly audit   jsonwebtoken: [ '9.0.2' ],
15 silly audit   jwa: [ '1.4.1' ],
15 silly audit   jws: [ '3.2.2' ],
15 silly audit   lodash: [ '4.17.21' ],
15 silly audit   'lodash.includes': [ '4.3.0' ],
15 silly audit   'lodash.isboolean': [ '3.0.3' ],
15 silly audit   'lodash.isinteger': [ '4.0.4' ],
15 silly audit   'lodash.isnumber': [ '3.0.3' ],
15 silly audit   'lodash.isplainobject': [ '4.0.6' ],
15 silly audit   'lodash.isstring': [ '4.0.1' ],
15 silly audit   'lodash.once': [ '4.1.1' ],
15 silly audit   long: [ '5.2.3' ],
15 silly audit   'lru-cache': [ '10.2.2', '8.0.5', '7.18.3' ],
15 silly audit   'lru-queue': [ '0.1.0' ],
15 silly audit   'make-dir': [ '3.1.0' ],
15 silly audit   semver: [ '6.3.1', '7.6.2' ],
15 silly audit   'make-error': [ '1.3.6' ],
15 silly audit   'media-typer': [ '0.3.0' ],
15 silly audit   memoizee: [ '0.4.17' ],
15 silly audit   'merge-descriptors': [ '1.0.1' ],
15 silly audit   methods: [ '1.1.2' ],
15 silly audit   mime: [ '1.6.0' ],
15 silly audit   'mime-db': [ '1.52.0' ],
15 silly audit   'mime-types': [ '2.1.35' ],
15 silly audit   minizlib: [ '2.1.2' ],
15 silly audit   mkdirp: [ '1.0.4' ],
15 silly audit   moment: [ '2.30.1' ],
15 silly audit   'moment-timezone': [ '0.5.45' ],
15 silly audit   mysql2: [ '3.10.1' ],
15 silly audit   'named-placeholders': [ '1.1.3' ],
15 silly audit   negotiator: [ '0.6.3' ],
15 silly audit   'next-tick': [ '1.1.0' ],
15 silly audit   'node-addon-api': [ '5.1.0' ],
15 silly audit   'node-fetch': [ '2.7.0' ],
15 silly audit   npmlog: [ '5.0.1' ],
15 silly audit   'object-assign': [ '4.1.1' ],
15 silly audit   'object-inspect': [ '1.13.2' ],
15 silly audit   'on-finished': [ '2.4.1' ],
15 silly audit   once: [ '1.4.0' ],
15 silly audit   'package-json-from-dist': [ '1.0.0' ],
15 silly audit   parseurl: [ '1.3.3' ],
15 silly audit   'path-is-absolute': [ '1.0.1' ],
15 silly audit   'path-key': [ '3.1.1' ],
15 silly audit   'path-parse': [ '1.0.7' ],
15 silly audit   'path-scurry': [ '1.11.1' ],
15 silly audit   'path-to-regexp': [ '0.1.7' ],
15 silly audit   pg: [ '8.12.0' ],
15 silly audit   'pg-cloudflare': [ '1.1.1' ],
15 silly audit   'pg-connection-string': [ '2.6.4' ],
15 silly audit   'pg-hstore': [ '2.3.4' ],
15 silly audit   'pg-int8': [ '1.0.1' ],
15 silly audit   'pg-pool': [ '3.6.2' ],
15 silly audit   'pg-protocol': [ '1.6.1' ],
15 silly audit   'pg-types': [ '2.2.0' ],
15 silly audit   pgpass: [ '1.0.5' ],
15 silly audit   'postgres-array': [ '2.0.0' ],
15 silly audit   'postgres-bytea': [ '1.0.0' ],
15 silly audit   'postgres-date': [ '1.0.7' ],
15 silly audit   'postgres-interval': [ '1.2.0' ],
15 silly audit   'proto-list': [ '1.2.4' ],
15 silly audit   'proxy-addr': [ '2.0.7' ],
15 silly audit   qs: [ '6.11.0' ],
15 silly audit   'range-parser': [ '1.2.1' ],
15 silly audit   'raw-body': [ '2.5.2' ],
15 silly audit   'readable-stream': [ '3.6.2' ],
15 silly audit   'reflect-metadata': [ '0.2.2' ],
15 silly audit   'require-directory': [ '2.1.1' ],
15 silly audit   resolve: [ '1.22.8' ],
15 silly audit   'retry-as-promised': [ '7.0.4' ],
15 silly audit   rimraf: [ '3.0.2' ],
15 silly audit   'safe-buffer': [ '5.2.1' ],
15 silly audit   'safer-buffer': [ '2.1.2' ],
15 silly audit   send: [ '0.18.0' ],
15 silly audit   'seq-queue': [ '0.0.5' ],
15 silly audit   sequelize: [ '6.37.3' ],
15 silly audit   'sequelize-cli': [ '6.6.2' ],
15 silly audit   'sequelize-pool': [ '7.1.0' ],
15 silly audit   'sequelize-typescript': [ '2.1.6' ],
15 silly audit   'serve-static': [ '1.15.0' ],
15 silly audit   'set-blocking': [ '2.0.0' ],
15 silly audit   'set-function-length': [ '1.2.2' ],
15 silly audit   setprototypeof: [ '1.2.0' ],
15 silly audit   'shebang-command': [ '2.0.0' ],
15 silly audit   'shebang-regex': [ '3.0.0' ],
15 silly audit   'side-channel': [ '1.0.6' ],
15 silly audit   split2: [ '4.2.0' ],
15 silly audit   sqlstring: [ '2.3.3' ],
15 silly audit   statuses: [ '2.0.1' ],
15 silly audit   string_decoder: [ '1.3.0' ],
15 silly audit   'supports-preserve-symlinks-flag': [ '1.0.0' ],
15 silly audit   tar: [ '6.2.1' ],
15 silly audit   'timers-ext': [ '0.1.8' ],
15 silly audit   toidentifier: [ '1.0.1' ],
15 silly audit   'toposort-class': [ '1.0.1' ],
15 silly audit   tr46: [ '0.0.3' ],
15 silly audit   'ts-node': [ '10.9.2' ],
15 silly audit   type: [ '2.7.3' ],
15 silly audit   'type-is': [ '1.6.18' ],
15 silly audit   typescript: [ '5.5.2' ],
15 silly audit   umzug: [ '2.3.0' ],
15 silly audit   underscore: [ '1.13.6' ],
15 silly audit   'undici-types': [ '5.26.5' ],
15 silly audit   universalify: [ '2.0.1' ],
15 silly audit   unpipe: [ '1.0.0' ],
15 silly audit   'util-deprecate': [ '1.0.2' ],
15 silly audit   'utils-merge': [ '1.0.1' ],
15 silly audit   uuid: [ '8.3.2' ],
15 silly audit   'v8-compile-cache-lib': [ '3.0.1' ],
15 silly audit   validator: [ '13.12.0' ],
15 silly audit   vary: [ '1.1.2' ],
15 silly audit   'webidl-conversions': [ '3.0.1' ],
15 silly audit   'whatwg-url': [ '5.0.0' ],
15 silly audit   which: [ '2.0.2' ],
15 silly audit   'wide-align': [ '1.1.5' ],
15 silly audit   wkx: [ '0.5.0' ],
15 silly audit   wrappy: [ '1.0.2' ],
15 silly audit   xtend: [ '4.0.2' ],
15 silly audit   y18n: [ '5.0.8' ],
15 silly audit   yallist: [ '4.0.0' ],
15 silly audit   yargs: [ '16.2.0' ],
15 silly audit   'yargs-parser': [ '20.2.9' ],
15 silly audit   yn: [ '3.1.1' ]
15 silly audit }
16 silly tarball no local data for sqlstring@https://registry.npmjs.org/sqlstring/-/sqlstring-2.3.3.tgz. Extracting by manifest.
17 silly tarball no local data for sequelize-typescript@https://registry.npmjs.org/sequelize-typescript/-/sequelize-typescript-2.1.6.tgz. Extracting by manifest.
18 silly tarball no local data for seq-queue@https://registry.npmjs.org/seq-queue/-/seq-queue-0.0.5.tgz. Extracting by manifest.
19 silly tarball no local data for named-placeholders@https://registry.npmjs.org/named-placeholders/-/named-placeholders-1.1.3.tgz. Extracting by manifest.
20 silly tarball no local data for long@https://registry.npmjs.org/long/-/long-5.2.3.tgz. Extracting by manifest.
21 silly tarball no local data for reflect-metadata@https://registry.npmjs.org/reflect-metadata/-/reflect-metadata-0.2.2.tgz. Extracting by manifest.
22 silly tarball no local data for mysql2@https://registry.npmjs.org/mysql2/-/mysql2-3.10.1.tgz. Extracting by manifest.
23 silly tarball no local data for generate-function@https://registry.npmjs.org/generate-function/-/generate-function-2.3.1.tgz. Extracting by manifest.
24 silly tarball no local data for is-property@https://registry.npmjs.org/is-property/-/is-property-1.0.2.tgz. Extracting by manifest.
25 silly tarball no local data for glob@https://registry.npmjs.org/glob/-/glob-7.2.0.tgz. Extracting by manifest.
26 silly tarball no local data for denque@https://registry.npmjs.org/denque/-/denque-2.1.0.tgz. Extracting by manifest.
27 silly tarball no local data for lru-cache@https://registry.npmjs.org/lru-cache/-/lru-cache-7.18.3.tgz. Extracting by manifest.
28 silly tarball no local data for lru-cache@https://registry.npmjs.org/lru-cache/-/lru-cache-8.0.5.tgz. Extracting by manifest.
29 silly tarball no local data for iconv-lite@https://registry.npmjs.org/iconv-lite/-/iconv-lite-0.6.3.tgz. Extracting by manifest.
30 http fetch POST 200 https://registry.npmjs.org/-/npm/v1/security/advisories/bulk 511ms
31 silly audit report {}
32 http fetch GET 200 https://registry.npmjs.org/is-property/-/is-property-1.0.2.tgz 493ms (cache miss)
33 http fetch GET 200 https://registry.npmjs.org/named-placeholders/-/named-placeholders-1.1.3.tgz 505ms (cache miss)
34 http fetch GET 200 https://registry.npmjs.org/generate-function/-/generate-function-2.3.1.tgz 503ms (cache miss)
35 http fetch GET 200 https://registry.npmjs.org/sqlstring/-/sqlstring-2.3.3.tgz 524ms (cache miss)
36 http fetch GET 200 https://registry.npmjs.org/seq-queue/-/seq-queue-0.0.5.tgz 527ms (cache miss)
37 http fetch GET 200 https://registry.npmjs.org/denque/-/denque-2.1.0.tgz 526ms (cache miss)
38 http fetch GET 200 https://registry.npmjs.org/glob/-/glob-7.2.0.tgz 602ms (cache miss)
39 warn deprecated glob@7.2.0: Glob versions prior to v9 are no longer supported
40 http fetch GET 200 https://registry.npmjs.org/reflect-metadata/-/reflect-metadata-0.2.2.tgz 636ms (cache miss)
41 http fetch GET 200 https://registry.npmjs.org/long/-/long-5.2.3.tgz 649ms (cache miss)
42 http fetch GET 200 https://registry.npmjs.org/npm 1616ms
43 http fetch GET 200 https://registry.npmjs.org/sequelize-typescript/-/sequelize-typescript-2.1.6.tgz 1139ms (cache miss)
44 http fetch GET 200 https://registry.npmjs.org/iconv-lite/-/iconv-lite-0.6.3.tgz 1147ms (cache miss)
45 http fetch GET 200 https://registry.npmjs.org/mysql2/-/mysql2-3.10.1.tgz 1273ms (cache miss)
46 http fetch GET 200 https://registry.npmjs.org/lru-cache/-/lru-cache-7.18.3.tgz 1299ms (cache miss)
47 http fetch GET 200 https://registry.npmjs.org/lru-cache/-/lru-cache-8.0.5.tgz 1327ms (cache miss)
48 silly ADD node_modules/sqlstring
49 silly ADD node_modules/sequelize-typescript
50 silly ADD node_modules/sequelize-typescript/node_modules/glob
51 silly ADD node_modules/seq-queue
52 silly ADD node_modules/reflect-metadata
53 silly ADD node_modules/named-placeholders
54 silly ADD node_modules/named-placeholders/node_modules/lru-cache
55 silly ADD node_modules/mysql2
56 silly ADD node_modules/mysql2/node_modules/lru-cache
57 silly ADD node_modules/mysql2/node_modules/iconv-lite
58 silly ADD node_modules/long
59 silly ADD node_modules/is-property
60 silly ADD node_modules/generate-function
61 silly ADD node_modules/denque
62 notice
62 notice New [33mminor[39m version of npm available! [33m10.7.0[39m -> [34m10.8.1[39m
62 notice Changelog: [34mhttps://github.com/npm/cli/releases/tag/v10.8.1[39m
62 notice To update run: [4mnpm install -g npm@10.8.1[24m
62 notice  { force: true, [Symbol(proc-log.meta)]: true }
63 verbose exit 0
64 info ok
