0 verbose cli C:\Program Files\nodejs\node.exe C:\Users\andro\AppData\Roaming\npm\node_modules\npm\bin\npm-cli.js
1 info using npm@10.7.0
2 info using node@v20.12.2
3 silly config:load:file:C:\Users\andro\AppData\Roaming\npm\node_modules\npm\npmrc
4 silly config:load:file:C:\Users\andro\Documents\PROJECT-INTEGRADOR\SERVICE-USERS\.npmrc
5 silly config:load:file:C:\Users\andro\.npmrc
6 silly config:load:file:C:\Users\andro\AppData\Roaming\npm\etc\npmrc
7 verbose title npm i cors
8 verbose argv "i" "cors"
9 verbose logfile logs-max:10 dir:C:\Users\andro\Documents\PROJECT-INTEGRADOR\SERVICE-USERS\npm-cache\_logs\2024-07-01T20_46_18_167Z-
10 verbose logfile C:\Users\andro\Documents\PROJECT-INTEGRADOR\SERVICE-USERS\npm-cache\_logs\2024-07-01T20_46_18_167Z-debug-0.log
11 silly logfile start cleaning logs, removing 2 files
12 silly logfile done cleaning log files
13 silly idealTree buildDeps
14 silly fetch manifest cors@*
15 http fetch GET 200 https://registry.npmjs.org/cors 1002ms (cache miss)
16 silly placeDep ROOT cors@2.8.5 OK for: users-service@1.0.0 want: *
17 silly reify moves {}
18 silly audit bulk request {
18 silly audit   '@cspotcode/source-map-support': [ '0.8.1' ],
18 silly audit   '@isaacs/cliui': [ '8.0.2' ],
18 silly audit   'ansi-regex': [ '6.0.1', '5.0.1' ],
18 silly audit   'ansi-styles': [ '6.2.1', '4.3.0' ],
18 silly audit   'emoji-regex': [ '9.2.2', '8.0.0' ],
18 silly audit   'string-width': [ '5.1.2', '4.2.3' ],
18 silly audit   'strip-ansi': [ '7.1.0', '6.0.1' ],
18 silly audit   'wrap-ansi': [ '8.1.0', '7.0.0' ],
18 silly audit   '@jridgewell/resolve-uri': [ '3.1.2' ],
18 silly audit   '@jridgewell/sourcemap-codec': [ '1.4.15' ],
18 silly audit   '@jridgewell/trace-mapping': [ '0.3.9' ],
18 silly audit   '@mapbox/node-pre-gyp': [ '1.0.11' ],
18 silly audit   '@one-ini/wasm': [ '0.1.1' ],
18 silly audit   '@pkgjs/parseargs': [ '0.11.0' ],
18 silly audit   '@tsconfig/node10': [ '1.0.11' ],
18 silly audit   '@tsconfig/node12': [ '1.0.11' ],
18 silly audit   '@tsconfig/node14': [ '1.0.3' ],
18 silly audit   '@tsconfig/node16': [ '1.0.4' ],
18 silly audit   '@types/bcrypt': [ '5.0.2' ],
18 silly audit   '@types/body-parser': [ '1.19.5' ],
18 silly audit   '@types/connect': [ '3.4.38' ],
18 silly audit   '@types/debug': [ '4.1.12' ],
18 silly audit   '@types/express': [ '4.17.21' ],
18 silly audit   '@types/express-serve-static-core': [ '4.19.5' ],
18 silly audit   '@types/http-errors': [ '2.0.4' ],
18 silly audit   '@types/jsonwebtoken': [ '9.0.6' ],
18 silly audit   '@types/mime': [ '1.3.5' ],
18 silly audit   '@types/ms': [ '0.7.34' ],
18 silly audit   '@types/node': [ '20.14.9' ],
18 silly audit   '@types/qs': [ '6.9.15' ],
18 silly audit   '@types/range-parser': [ '1.2.7' ],
18 silly audit   '@types/send': [ '0.17.4' ],
18 silly audit   '@types/serve-static': [ '1.15.7' ],
18 silly audit   '@types/validator': [ '13.12.0' ],
18 silly audit   abbrev: [ '1.1.1', '2.0.0' ],
18 silly audit   accepts: [ '1.3.8' ],
18 silly audit   acorn: [ '8.12.0' ],
18 silly audit   'acorn-walk': [ '8.3.3' ],
18 silly audit   'agent-base': [ '6.0.2' ],
18 silly audit   debug: [ '4.3.5', '2.6.9' ],
18 silly audit   ms: [ '2.1.2', '2.1.3', '2.0.0' ],
18 silly audit   anymatch: [ '3.1.3' ],
18 silly audit   aproba: [ '2.0.0' ],
18 silly audit   'are-we-there-yet': [ '2.0.0' ],
18 silly audit   arg: [ '4.1.3' ],
18 silly audit   'array-flatten': [ '1.1.1' ],
18 silly audit   'at-least-node': [ '1.0.0' ],
18 silly audit   'balanced-match': [ '1.0.2' ],
18 silly audit   bcrypt: [ '5.1.1' ],
18 silly audit   'binary-extensions': [ '2.3.0' ],
18 silly audit   bluebird: [ '3.7.2' ],
18 silly audit   'body-parser': [ '1.20.2' ],
18 silly audit   'brace-expansion': [ '1.1.11', '2.0.1' ],
18 silly audit   braces: [ '3.0.3' ],
18 silly audit   'buffer-equal-constant-time': [ '1.0.1' ],
18 silly audit   bytes: [ '3.1.2' ],
18 silly audit   'call-bind': [ '1.0.7' ],
18 silly audit   chokidar: [ '3.6.0' ],
18 silly audit   chownr: [ '2.0.0' ],
18 silly audit   'cli-color': [ '2.0.4' ],
18 silly audit   cliui: [ '7.0.4' ],
18 silly audit   'color-convert': [ '2.0.1' ],
18 silly audit   'color-name': [ '1.1.4' ],
18 silly audit   'color-support': [ '1.1.3' ],
18 silly audit   commander: [ '10.0.1' ],
18 silly audit   'concat-map': [ '0.0.1' ],
18 silly audit   'config-chain': [ '1.1.13' ],
18 silly audit   'console-control-strings': [ '1.1.0' ],
18 silly audit   'content-disposition': [ '0.5.4' ],
18 silly audit   'content-type': [ '1.0.5' ],
18 silly audit   cookie: [ '0.6.0' ],
18 silly audit   'cookie-signature': [ '1.0.6' ],
18 silly audit   'create-require': [ '1.1.1' ],
18 silly audit   'cross-spawn': [ '7.0.3' ],
18 silly audit   d: [ '1.0.2' ],
18 silly audit   'define-data-property': [ '1.1.4' ],
18 silly audit   delegates: [ '1.0.0' ],
18 silly audit   denque: [ '2.1.0' ],
18 silly audit   depd: [ '2.0.0' ],
18 silly audit   destroy: [ '1.2.0' ],
18 silly audit   'detect-libc': [ '2.0.3' ],
18 silly audit   diff: [ '4.0.2' ],
18 silly audit   dotenv: [ '16.4.5' ],
18 silly audit   dottie: [ '2.0.6' ],
18 silly audit   eastasianwidth: [ '0.2.0' ],
18 silly audit   'ecdsa-sig-formatter': [ '1.0.11' ],
18 silly audit   editorconfig: [ '1.0.4' ],
18 silly audit   minimatch: [ '9.0.1', '9.0.5', '3.1.2' ],
18 silly audit   'ee-first': [ '1.1.1' ],
18 silly audit   encodeurl: [ '1.0.2' ],
18 silly audit   'es-define-property': [ '1.0.0' ],
18 silly audit   'es-errors': [ '1.3.0' ],
18 silly audit   'es5-ext': [ '0.10.64' ],
18 silly audit   'es6-iterator': [ '2.0.3' ],
18 silly audit   'es6-symbol': [ '3.1.4' ],
18 silly audit   'es6-weak-map': [ '2.0.3' ],
18 silly audit   escalade: [ '3.1.2' ],
18 silly audit   'escape-html': [ '1.0.3' ],
18 silly audit   esniff: [ '2.0.1' ],
18 silly audit   etag: [ '1.8.1' ],
18 silly audit   'event-emitter': [ '0.3.5' ],
18 silly audit   express: [ '4.19.2' ],
18 silly audit   ext: [ '1.7.0' ],
18 silly audit   'fill-range': [ '7.1.1' ],
18 silly audit   finalhandler: [ '1.2.0' ],
18 silly audit   'foreground-child': [ '3.2.1' ],
18 silly audit   'signal-exit': [ '4.1.0', '3.0.7' ],
18 silly audit   forwarded: [ '0.2.0' ],
18 silly audit   fresh: [ '0.5.2' ],
18 silly audit   'fs-extra': [ '9.1.0' ],
18 silly audit   'fs-minipass': [ '2.1.0' ],
18 silly audit   minipass: [ '3.3.6', '7.1.2', '5.0.0' ],
18 silly audit   'fs.realpath': [ '1.0.0' ],
18 silly audit   fsevents: [ '2.3.3' ],
18 silly audit   'function-bind': [ '1.1.2' ],
18 silly audit   gauge: [ '3.0.2' ],
18 silly audit   'generate-function': [ '2.3.1' ],
18 silly audit   'get-caller-file': [ '2.0.5' ],
18 silly audit   'get-intrinsic': [ '1.2.4' ],
18 silly audit   glob: [ '7.2.3', '10.4.2', '7.2.0' ],
18 silly audit   'glob-parent': [ '5.1.2' ],
18 silly audit   gopd: [ '1.0.1' ],
18 silly audit   'graceful-fs': [ '4.2.11' ],
18 silly audit   'has-flag': [ '3.0.0' ],
18 silly audit   'has-property-descriptors': [ '1.0.2' ],
18 silly audit   'has-proto': [ '1.0.3' ],
18 silly audit   'has-symbols': [ '1.0.3' ],
18 silly audit   'has-unicode': [ '2.0.1' ],
18 silly audit   hasown: [ '2.0.2' ],
18 silly audit   'http-errors': [ '2.0.0' ],
18 silly audit   'https-proxy-agent': [ '5.0.1' ],
18 silly audit   'iconv-lite': [ '0.4.24', '0.6.3' ],
18 silly audit   'ignore-by-default': [ '1.0.1' ],
18 silly audit   inflection: [ '1.13.4' ],
18 silly audit   inflight: [ '1.0.6' ],
18 silly audit   inherits: [ '2.0.4' ],
18 silly audit   ini: [ '1.3.8' ],
18 silly audit   'ipaddr.js': [ '1.9.1' ],
18 silly audit   'is-binary-path': [ '2.1.0' ],
18 silly audit   'is-core-module': [ '2.14.0' ],
18 silly audit   'is-extglob': [ '2.1.1' ],
18 silly audit   'is-fullwidth-code-point': [ '3.0.0' ],
18 silly audit   'is-glob': [ '4.0.3' ],
18 silly audit   'is-number': [ '7.0.0' ],
18 silly audit   'is-promise': [ '2.2.2' ],
18 silly audit   'is-property': [ '1.0.2' ],
18 silly audit   isexe: [ '2.0.0' ],
18 silly audit   jackspeak: [ '3.4.0' ],
18 silly audit   'js-beautify': [ '1.15.1' ],
18 silly audit   nopt: [ '7.2.1', '5.0.0' ],
18 silly audit   'js-cookie': [ '3.0.5' ],
18 silly audit   jsonfile: [ '6.1.0' ],
18 silly audit   jsonwebtoken: [ '9.0.2' ],
18 silly audit   jwa: [ '1.4.1' ],
18 silly audit   jws: [ '3.2.2' ],
18 silly audit   lodash: [ '4.17.21' ],
18 silly audit   'lodash.includes': [ '4.3.0' ],
18 silly audit   'lodash.isboolean': [ '3.0.3' ],
18 silly audit   'lodash.isinteger': [ '4.0.4' ],
18 silly audit   'lodash.isnumber': [ '3.0.3' ],
18 silly audit   'lodash.isplainobject': [ '4.0.6' ],
18 silly audit   'lodash.isstring': [ '4.0.1' ],
18 silly audit   'lodash.once': [ '4.1.1' ],
18 silly audit   long: [ '5.2.3' ],
18 silly audit   'lru-cache': [ '10.2.2', '8.0.5', '7.18.3' ],
18 silly audit   'lru-queue': [ '0.1.0' ],
18 silly audit   'make-dir': [ '3.1.0' ],
18 silly audit   semver: [ '6.3.1', '7.6.2' ],
18 silly audit   'make-error': [ '1.3.6' ],
18 silly audit   'media-typer': [ '0.3.0' ],
18 silly audit   memoizee: [ '0.4.17' ],
18 silly audit   'merge-descriptors': [ '1.0.1' ],
18 silly audit   methods: [ '1.1.2' ],
18 silly audit   mime: [ '1.6.0' ],
18 silly audit   'mime-db': [ '1.52.0' ],
18 silly audit   'mime-types': [ '2.1.35' ],
18 silly audit   minizlib: [ '2.1.2' ],
18 silly audit   mkdirp: [ '1.0.4' ],
18 silly audit   moment: [ '2.30.1' ],
18 silly audit   'moment-timezone': [ '0.5.45' ],
18 silly audit   mysql2: [ '3.10.1' ],
18 silly audit   'named-placeholders': [ '1.1.3' ],
18 silly audit   negotiator: [ '0.6.3' ],
18 silly audit   'next-tick': [ '1.1.0' ],
18 silly audit   'node-addon-api': [ '5.1.0' ],
18 silly audit   'node-fetch': [ '2.7.0' ],
18 silly audit   nodemon: [ '3.1.4' ],
18 silly audit   'normalize-path': [ '3.0.0' ],
18 silly audit   npmlog: [ '5.0.1' ],
18 silly audit   'object-assign': [ '4.1.1' ],
18 silly audit   'object-inspect': [ '1.13.2' ],
18 silly audit   'on-finished': [ '2.4.1' ],
18 silly audit   once: [ '1.4.0' ],
18 silly audit   'package-json-from-dist': [ '1.0.0' ],
18 silly audit   parseurl: [ '1.3.3' ],
18 silly audit   'path-is-absolute': [ '1.0.1' ],
18 silly audit   'path-key': [ '3.1.1' ],
18 silly audit   'path-parse': [ '1.0.7' ],
18 silly audit   'path-scurry': [ '1.11.1' ],
18 silly audit   'path-to-regexp': [ '0.1.7' ],
18 silly audit   pg: [ '8.12.0' ],
18 silly audit   'pg-cloudflare': [ '1.1.1' ],
18 silly audit   'pg-connection-string': [ '2.6.4' ],
18 silly audit   'pg-hstore': [ '2.3.4' ],
18 silly audit   'pg-int8': [ '1.0.1' ],
18 silly audit   'pg-pool': [ '3.6.2' ],
18 silly audit   'pg-protocol': [ '1.6.1' ],
18 silly audit   'pg-types': [ '2.2.0' ],
18 silly audit   pgpass: [ '1.0.5' ],
18 silly audit   picomatch: [ '2.3.1' ],
18 silly audit   'postgres-array': [ '2.0.0' ],
18 silly audit   'postgres-bytea': [ '1.0.0' ],
18 silly audit   'postgres-date': [ '1.0.7' ],
18 silly audit   'postgres-interval': [ '1.2.0' ],
18 silly audit   'proto-list': [ '1.2.4' ],
18 silly audit   'proxy-addr': [ '2.0.7' ],
18 silly audit   'pstree.remy': [ '1.1.8' ],
18 silly audit   qs: [ '6.11.0' ],
18 silly audit   'range-parser': [ '1.2.1' ],
18 silly audit   'raw-body': [ '2.5.2' ],
18 silly audit   'readable-stream': [ '3.6.2' ],
18 silly audit   readdirp: [ '3.6.0' ],
18 silly audit   'reflect-metadata': [ '0.2.2' ],
18 silly audit   'require-directory': [ '2.1.1' ],
18 silly audit   resolve: [ '1.22.8' ],
18 silly audit   'retry-as-promised': [ '7.0.4' ],
18 silly audit   rimraf: [ '3.0.2' ],
18 silly audit   'safe-buffer': [ '5.2.1' ],
18 silly audit   'safer-buffer': [ '2.1.2' ],
18 silly audit   send: [ '0.18.0' ],
18 silly audit   'seq-queue': [ '0.0.5' ],
18 silly audit   sequelize: [ '6.37.3' ],
18 silly audit   'sequelize-cli': [ '6.6.2' ],
18 silly audit   'sequelize-pool': [ '7.1.0' ],
18 silly audit   'sequelize-typescript': [ '2.1.6' ],
18 silly audit   'serve-static': [ '1.15.0' ],
18 silly audit   'set-blocking': [ '2.0.0' ],
18 silly audit   'set-function-length': [ '1.2.2' ],
18 silly audit   setprototypeof: [ '1.2.0' ],
18 silly audit   'shebang-command': [ '2.0.0' ],
18 silly audit   'shebang-regex': [ '3.0.0' ],
18 silly audit   'side-channel': [ '1.0.6' ],
18 silly audit   'simple-update-notifier': [ '2.0.0' ],
18 silly audit   split2: [ '4.2.0' ],
18 silly audit   sqlstring: [ '2.3.3' ],
18 silly audit   statuses: [ '2.0.1' ],
18 silly audit   string_decoder: [ '1.3.0' ],
18 silly audit   'supports-color': [ '5.5.0' ],
18 silly audit   'supports-preserve-symlinks-flag': [ '1.0.0' ],
18 silly audit   tar: [ '6.2.1' ],
18 silly audit   'timers-ext': [ '0.1.8' ],
18 silly audit   'to-regex-range': [ '5.0.1' ],
18 silly audit   toidentifier: [ '1.0.1' ],
18 silly audit   'toposort-class': [ '1.0.1' ],
18 silly audit   touch: [ '3.1.1' ],
18 silly audit   tr46: [ '0.0.3' ],
18 silly audit   'ts-node': [ '10.9.2' ],
18 silly audit   type: [ '2.7.3' ],
18 silly audit   'type-is': [ '1.6.18' ],
18 silly audit   typescript: [ '5.5.2' ],
18 silly audit   umzug: [ '2.3.0' ],
18 silly audit   undefsafe: [ '2.0.5' ],
18 silly audit   underscore: [ '1.13.6' ],
18 silly audit   'undici-types': [ '5.26.5' ],
18 silly audit   universalify: [ '2.0.1' ],
18 silly audit   unpipe: [ '1.0.0' ],
18 silly audit   'util-deprecate': [ '1.0.2' ],
18 silly audit   'utils-merge': [ '1.0.1' ],
18 silly audit   uuid: [ '8.3.2' ],
18 silly audit   'v8-compile-cache-lib': [ '3.0.1' ],
18 silly audit   validator: [ '13.12.0' ],
18 silly audit   vary: [ '1.1.2' ],
18 silly audit   'webidl-conversions': [ '3.0.1' ],
18 silly audit   'whatwg-url': [ '5.0.0' ],
18 silly audit   which: [ '2.0.2' ],
18 silly audit   'wide-align': [ '1.1.5' ],
18 silly audit   wkx: [ '0.5.0' ],
18 silly audit   wrappy: [ '1.0.2' ],
18 silly audit   xtend: [ '4.0.2' ],
18 silly audit   y18n: [ '5.0.8' ],
18 silly audit   yallist: [ '4.0.0' ],
18 silly audit   yargs: [ '16.2.0' ],
18 silly audit   'yargs-parser': [ '20.2.9' ],
18 silly audit   yn: [ '3.1.1' ],
18 silly audit   cors: [ '2.8.5' ]
18 silly audit }
19 verbose reify failed optional dependency C:\Users\andro\Documents\PROJECT-INTEGRADOR\SERVICE-USERS\node_modules\fsevents
20 silly reify mark deleted [
20 silly reify   'C:\\Users\\andro\\Documents\\PROJECT-INTEGRADOR\\SERVICE-USERS\\node_modules\\fsevents'
20 silly reify ]
21 silly tarball no local data for cors@https://registry.npmjs.org/cors/-/cors-2.8.5.tgz. Extracting by manifest.
22 http fetch POST 200 https://registry.npmjs.org/-/npm/v1/security/advisories/bulk 213ms
23 silly audit report {}
24 http fetch GET 200 https://registry.npmjs.org/cors/-/cors-2.8.5.tgz 452ms (cache miss)
25 silly ADD node_modules/cors
26 silly ADD
27 verbose exit 0
28 info ok
